<?xml version="1.0" encoding="UTF-8"?>
<coverage generated="1722840116258" clover="3.2.0">
  <project timestamp="1722840116258" name="All files">
    <metrics statements="139" coveredstatements="122" conditionals="111" coveredconditionals="88" methods="28" coveredmethods="21" elements="278" coveredelements="231" complexity="0" loc="139" ncloc="139" packages="2" files="2" classes="2"/>
    <package name="src">
      <metrics statements="137" coveredstatements="120" conditionals="111" coveredconditionals="88" methods="27" coveredmethods="20"/>
      <file name="keybinds.ts" path="/home/otard/dev/personal/prun-palette/src/keybinds.ts">
        <metrics statements="137" coveredstatements="120" conditionals="111" coveredconditionals="88" methods="27" coveredmethods="20"/>
        <line num="20" count="1" type="stmt"/>
        <line num="23" count="1" type="stmt"/>
        <line num="52" count="1" type="stmt"/>
        <line num="71" count="1" type="stmt"/>
        <line num="91" count="1" type="stmt"/>
        <line num="138" count="1" type="stmt"/>
        <line num="139" count="1" type="stmt"/>
        <line num="140" count="1" type="stmt"/>
        <line num="144" count="1" type="stmt"/>
        <line num="145" count="27" type="cond" truecount="1" falsecount="0"/>
        <line num="150" count="22" type="stmt"/>
        <line num="151" count="22" type="stmt"/>
        <line num="152" count="22" type="stmt"/>
        <line num="153" count="29" type="cond" truecount="1" falsecount="1"/>
        <line num="154" count="29" type="stmt"/>
        <line num="156" count="22" type="stmt"/>
        <line num="164" count="23" type="stmt"/>
        <line num="166" count="20" type="stmt"/>
        <line num="167" count="20" type="stmt"/>
        <line num="168" count="28" type="cond" truecount="1" falsecount="0"/>
        <line num="169" count="25" type="stmt"/>
        <line num="175" count="28" type="stmt"/>
        <line num="178" count="20" type="cond" truecount="0" falsecount="1"/>
        <line num="180" count="20" type="stmt"/>
        <line num="185" count="20" type="stmt"/>
        <line num="192" count="0" type="stmt"/>
        <line num="194" count="0" type="stmt"/>
        <line num="195" count="0" type="stmt"/>
        <line num="196" count="0" type="cond" truecount="0" falsecount="1"/>
        <line num="197" count="0" type="stmt"/>
        <line num="199" count="0" type="stmt"/>
        <line num="202" count="0" type="stmt"/>
        <line num="203" count="0" type="stmt"/>
        <line num="205" count="0" type="stmt"/>
        <line num="212" count="21" type="stmt"/>
        <line num="213" count="21" type="stmt"/>
        <line num="217" count="0" type="stmt"/>
        <line num="218" count="0" type="stmt"/>
        <line num="221" count="0" type="cond" truecount="0" falsecount="5"/>
        <line num="222" count="0" type="stmt"/>
        <line num="229" count="92" type="stmt"/>
        <line num="236" count="42" type="stmt"/>
        <line num="243" count="16" type="cond" truecount="0" falsecount="1"/>
        <line num="245" count="16" type="stmt"/>
        <line num="251" count="16" type="stmt"/>
        <line num="252" count="16" type="stmt"/>
        <line num="253" count="23" type="stmt"/>
        <line num="256" count="16" type="cond" truecount="1" falsecount="1"/>
        <line num="257" count="16" type="cond" truecount="2" falsecount="0"/>
        <line num="261" count="57" type="stmt"/>
        <line num="269" count="13" type="cond" truecount="0" falsecount="1"/>
        <line num="271" count="13" type="cond" truecount="1" falsecount="0"/>
        <line num="272" count="3" type="stmt"/>
        <line num="274" count="10" type="stmt"/>
        <line num="280" count="10" type="stmt"/>
        <line num="281" count="10" type="stmt"/>
        <line num="282" count="10" type="stmt"/>
        <line num="283" count="13" type="cond" truecount="4" falsecount="0"/>
        <line num="285" count="4" type="stmt"/>
        <line num="286" count="4" type="stmt"/>
        <line num="288" count="3" type="stmt"/>
        <line num="289" count="3" type="stmt"/>
        <line num="291" count="3" type="stmt"/>
        <line num="292" count="3" type="stmt"/>
        <line num="294" count="3" type="stmt"/>
        <line num="295" count="3" type="stmt"/>
        <line num="299" count="10" type="cond" truecount="1" falsecount="0"/>
        <line num="304" count="1" type="stmt"/>
        <line num="306" count="9" type="cond" truecount="1" falsecount="0"/>
        <line num="310" count="1" type="stmt"/>
        <line num="313" count="9" type="cond" truecount="3" falsecount="0"/>
        <line num="314" count="3" type="stmt"/>
        <line num="316" count="6" type="stmt"/>
        <line num="326" count="23" type="stmt"/>
        <line num="327" count="23" type="stmt"/>
        <line num="329" count="23" type="stmt"/>
        <line num="330" count="23" type="stmt"/>
        <line num="331" count="90" type="stmt"/>
        <line num="332" count="90" type="cond" truecount="0" falsecount="1"/>
        <line num="333" count="90" type="cond" truecount="2" falsecount="0"/>
        <line num="334" count="13" type="stmt"/>
        <line num="335" count="13" type="cond" truecount="1" falsecount="1"/>
        <line num="336" count="13" type="stmt"/>
        <line num="337" count="10" type="stmt"/>
        <line num="339" count="0" type="stmt"/>
        <line num="341" count="77" type="cond" truecount="4" falsecount="0"/>
        <line num="342" count="59" type="stmt"/>
        <line num="343" count="18" type="cond" truecount="1" falsecount="1"/>
        <line num="344" count="18" type="stmt"/>
        <line num="346" count="0" type="stmt"/>
        <line num="350" count="20" type="cond" truecount="0" falsecount="1"/>
        <line num="352" count="20" type="cond" truecount="0" falsecount="1"/>
        <line num="353" count="0" type="stmt"/>
        <line num="356" count="20" type="stmt"/>
        <line num="360" count="8" type="cond" truecount="4" falsecount="0"/>
        <line num="364" count="4" type="cond" truecount="4" falsecount="0"/>
        <line num="369" count="26" type="cond" truecount="1" falsecount="0"/>
        <line num="370" count="8" type="stmt"/>
        <line num="373" count="18" type="cond" truecount="1" falsecount="0"/>
        <line num="377" count="4" type="stmt"/>
        <line num="380" count="14" type="cond" truecount="2" falsecount="1"/>
        <line num="381" count="0" type="stmt"/>
        <line num="385" count="14" type="cond" truecount="4" falsecount="0"/>
        <line num="391" count="27" type="stmt"/>
        <line num="393" count="27" type="cond" truecount="2" falsecount="0"/>
        <line num="394" count="4" type="stmt"/>
        <line num="395" count="23" type="cond" truecount="1" falsecount="0"/>
        <line num="396" count="1" type="stmt"/>
        <line num="400" count="1" type="stmt"/>
        <line num="403" count="26" type="cond" truecount="1" falsecount="0"/>
        <line num="404" count="6" type="cond" truecount="4" falsecount="0"/>
        <line num="411" count="26" type="cond" truecount="0" falsecount="1"/>
        <line num="413" count="26" type="stmt"/>
        <line num="417" count="27" type="stmt"/>
        <line num="419" count="27" type="stmt"/>
        <line num="424" count="27" type="cond" truecount="1" falsecount="0"/>
        <line num="426" count="26" type="stmt"/>
        <line num="427" count="26" type="stmt"/>
        <line num="428" count="26" type="stmt"/>
        <line num="430" count="26" type="cond" truecount="1" falsecount="0"/>
        <line num="431" count="4" type="cond" truecount="3" falsecount="0"/>
        <line num="432" count="1" type="cond" truecount="3" falsecount="1"/>
        <line num="435" count="4" type="stmt"/>
        <line num="436" count="4" type="stmt"/>
        <line num="439" count="22" type="stmt"/>
        <line num="440" count="22" type="stmt"/>
        <line num="444" count="22" type="cond" truecount="1" falsecount="0"/>
        <line num="448" count="14" type="cond" truecount="1" falsecount="0"/>
        <line num="449" count="14" type="stmt"/>
        <line num="451" count="14" type="stmt"/>
        <line num="452" count="14" type="stmt"/>
        <line num="453" count="14" type="stmt"/>
        <line num="456" count="8" type="cond" truecount="1" falsecount="0"/>
        <line num="457" count="3" type="stmt"/>
        <line num="458" count="1" type="cond" truecount="3" falsecount="1"/>
        <line num="459" count="1" type="stmt"/>
        <line num="460" count="1" type="stmt"/>
      </file>
    </package>
    <package name="src.utils">
      <metrics statements="2" coveredstatements="2" conditionals="0" coveredconditionals="0" methods="1" coveredmethods="1"/>
      <file name="object.ts" path="/home/otard/dev/personal/prun-palette/src/utils/object.ts">
        <metrics statements="2" coveredstatements="2" conditionals="0" coveredconditionals="0" methods="1" coveredmethods="1"/>
        <line num="19" count="1" type="stmt"/>
        <line num="20" count="22" type="stmt"/>
      </file>
    </package>
  </project>
</coverage>
