<?xml version="1.0" encoding="UTF-8"?>
<coverage generated="1722922265021" clover="3.2.0">
  <project timestamp="1722922265021" name="All files">
    <metrics statements="139" coveredstatements="126" conditionals="111" coveredconditionals="98" methods="28" coveredmethods="21" elements="278" coveredelements="245" complexity="0" loc="139" ncloc="139" packages="2" files="2" classes="2"/>
    <package name="src">
      <metrics statements="137" coveredstatements="124" conditionals="111" coveredconditionals="98" methods="27" coveredmethods="20"/>
      <file name="keybinds.ts" path="/home/otard/dev/personal/prun-palette/src/keybinds.ts">
        <metrics statements="137" coveredstatements="124" conditionals="111" coveredconditionals="98" methods="27" coveredmethods="20"/>
        <line num="20" count="1" type="stmt"/>
        <line num="23" count="1" type="stmt"/>
        <line num="52" count="1" type="stmt"/>
        <line num="77" count="1" type="stmt"/>
        <line num="97" count="1" type="stmt"/>
        <line num="144" count="1" type="stmt"/>
        <line num="145" count="1" type="stmt"/>
        <line num="146" count="1" type="stmt"/>
        <line num="150" count="1" type="stmt"/>
        <line num="151" count="40" type="cond" truecount="1" falsecount="0"/>
        <line num="156" count="30" type="stmt"/>
        <line num="157" count="30" type="stmt"/>
        <line num="158" count="30" type="stmt"/>
        <line num="159" count="38" type="cond" truecount="1" falsecount="1"/>
        <line num="160" count="38" type="stmt"/>
        <line num="162" count="30" type="stmt"/>
        <line num="170" count="36" type="stmt"/>
        <line num="172" count="29" type="stmt"/>
        <line num="173" count="29" type="stmt"/>
        <line num="174" count="38" type="cond" truecount="1" falsecount="0"/>
        <line num="175" count="35" type="stmt"/>
        <line num="181" count="38" type="stmt"/>
        <line num="184" count="29" type="cond" truecount="0" falsecount="1"/>
        <line num="186" count="29" type="stmt"/>
        <line num="191" count="29" type="stmt"/>
        <line num="198" count="0" type="stmt"/>
        <line num="200" count="0" type="stmt"/>
        <line num="201" count="0" type="stmt"/>
        <line num="202" count="0" type="cond" truecount="0" falsecount="1"/>
        <line num="203" count="0" type="stmt"/>
        <line num="205" count="0" type="stmt"/>
        <line num="208" count="0" type="stmt"/>
        <line num="209" count="0" type="stmt"/>
        <line num="211" count="0" type="stmt"/>
        <line num="218" count="29" type="stmt"/>
        <line num="219" count="29" type="stmt"/>
        <line num="223" count="0" type="stmt"/>
        <line num="224" count="0" type="stmt"/>
        <line num="227" count="0" type="cond" truecount="0" falsecount="5"/>
        <line num="228" count="0" type="stmt"/>
        <line num="235" count="149" type="stmt"/>
        <line num="242" count="97" type="stmt"/>
        <line num="249" count="33" type="cond" truecount="1" falsecount="0"/>
        <line num="251" count="30" type="stmt"/>
        <line num="257" count="30" type="stmt"/>
        <line num="258" count="30" type="stmt"/>
        <line num="259" count="37" type="stmt"/>
        <line num="262" count="30" type="cond" truecount="2" falsecount="0"/>
        <line num="263" count="30" type="cond" truecount="2" falsecount="0"/>
        <line num="267" count="82" type="stmt"/>
        <line num="275" count="23" type="cond" truecount="0" falsecount="1"/>
        <line num="277" count="23" type="cond" truecount="1" falsecount="0"/>
        <line num="278" count="5" type="stmt"/>
        <line num="280" count="18" type="stmt"/>
        <line num="286" count="18" type="stmt"/>
        <line num="287" count="18" type="stmt"/>
        <line num="288" count="18" type="stmt"/>
        <line num="289" count="21" type="cond" truecount="4" falsecount="0"/>
        <line num="291" count="6" type="stmt"/>
        <line num="292" count="6" type="stmt"/>
        <line num="294" count="5" type="stmt"/>
        <line num="295" count="5" type="stmt"/>
        <line num="297" count="5" type="stmt"/>
        <line num="298" count="5" type="stmt"/>
        <line num="300" count="5" type="stmt"/>
        <line num="301" count="5" type="stmt"/>
        <line num="305" count="18" type="cond" truecount="1" falsecount="0"/>
        <line num="310" count="1" type="stmt"/>
        <line num="312" count="17" type="cond" truecount="1" falsecount="0"/>
        <line num="316" count="1" type="stmt"/>
        <line num="319" count="17" type="cond" truecount="3" falsecount="0"/>
        <line num="320" count="3" type="stmt"/>
        <line num="322" count="14" type="stmt"/>
        <line num="332" count="36" type="stmt"/>
        <line num="333" count="36" type="stmt"/>
        <line num="335" count="36" type="stmt"/>
        <line num="336" count="36" type="stmt"/>
        <line num="337" count="149" type="stmt"/>
        <line num="338" count="149" type="cond" truecount="0" falsecount="1"/>
        <line num="339" count="149" type="cond" truecount="2" falsecount="0"/>
        <line num="340" count="24" type="stmt"/>
        <line num="341" count="24" type="cond" truecount="2" falsecount="0"/>
        <line num="342" count="23" type="stmt"/>
        <line num="343" count="20" type="stmt"/>
        <line num="345" count="1" type="stmt"/>
        <line num="347" count="125" type="cond" truecount="4" falsecount="0"/>
        <line num="348" count="106" type="stmt"/>
        <line num="349" count="19" type="cond" truecount="2" falsecount="0"/>
        <line num="350" count="18" type="stmt"/>
        <line num="352" count="1" type="stmt"/>
        <line num="356" count="31" type="cond" truecount="1" falsecount="0"/>
        <line num="358" count="30" type="cond" truecount="1" falsecount="0"/>
        <line num="359" count="1" type="stmt"/>
        <line num="362" count="29" type="stmt"/>
        <line num="366" count="8" type="cond" truecount="4" falsecount="0"/>
        <line num="370" count="16" type="cond" truecount="4" falsecount="0"/>
        <line num="375" count="39" type="cond" truecount="1" falsecount="0"/>
        <line num="376" count="8" type="stmt"/>
        <line num="379" count="31" type="cond" truecount="1" falsecount="0"/>
        <line num="383" count="4" type="stmt"/>
        <line num="386" count="27" type="cond" truecount="3" falsecount="0"/>
        <line num="387" count="12" type="stmt"/>
        <line num="391" count="15" type="cond" truecount="4" falsecount="0"/>
        <line num="397" count="40" type="stmt"/>
        <line num="399" count="40" type="cond" truecount="2" falsecount="0"/>
        <line num="400" count="16" type="stmt"/>
        <line num="401" count="24" type="cond" truecount="1" falsecount="0"/>
        <line num="402" count="1" type="stmt"/>
        <line num="406" count="1" type="stmt"/>
        <line num="409" count="39" type="cond" truecount="1" falsecount="0"/>
        <line num="410" count="12" type="cond" truecount="4" falsecount="0"/>
        <line num="417" count="39" type="cond" truecount="1" falsecount="0"/>
        <line num="419" count="38" type="stmt"/>
        <line num="423" count="40" type="stmt"/>
        <line num="425" count="40" type="stmt"/>
        <line num="430" count="40" type="cond" truecount="1" falsecount="0"/>
        <line num="432" count="38" type="stmt"/>
        <line num="433" count="38" type="stmt"/>
        <line num="434" count="38" type="stmt"/>
        <line num="436" count="38" type="cond" truecount="1" falsecount="0"/>
        <line num="437" count="8" type="cond" truecount="3" falsecount="0"/>
        <line num="438" count="1" type="cond" truecount="3" falsecount="1"/>
        <line num="441" count="8" type="stmt"/>
        <line num="442" count="8" type="stmt"/>
        <line num="445" count="30" type="stmt"/>
        <line num="446" count="30" type="stmt"/>
        <line num="450" count="30" type="cond" truecount="1" falsecount="0"/>
        <line num="454" count="21" type="cond" truecount="1" falsecount="0"/>
        <line num="455" count="21" type="stmt"/>
        <line num="457" count="21" type="stmt"/>
        <line num="458" count="21" type="stmt"/>
        <line num="459" count="21" type="stmt"/>
        <line num="462" count="9" type="cond" truecount="1" falsecount="0"/>
        <line num="463" count="3" type="stmt"/>
        <line num="464" count="1" type="cond" truecount="3" falsecount="1"/>
        <line num="465" count="1" type="stmt"/>
        <line num="466" count="1" type="stmt"/>
      </file>
    </package>
    <package name="src.utils">
      <metrics statements="2" coveredstatements="2" conditionals="0" coveredconditionals="0" methods="1" coveredmethods="1"/>
      <file name="object.ts" path="/home/otard/dev/personal/prun-palette/src/utils/object.ts">
        <metrics statements="2" coveredstatements="2" conditionals="0" coveredconditionals="0" methods="1" coveredmethods="1"/>
        <line num="19" count="1" type="stmt"/>
        <line num="20" count="30" type="stmt"/>
      </file>
    </package>
  </project>
</coverage>
