{"/home/otard/dev/personal/prun-palette/src/keybinds.ts": {"path":"/home/otard/dev/personal/prun-palette/src/keybinds.ts","statementMap":{"0":{"start":{"line":20,"column":0},"end":{"line":20,"column":40}},"1":{"start":{"line":23,"column":17},"end":{"line":50,"column":null}},"2":{"start":{"line":52,"column":16},"end":{"line":69,"column":null}},"3":{"start":{"line":71,"column":59},"end":{"line":89,"column":null}},"4":{"start":{"line":91,"column":31},"end":{"line":111,"column":null}},"5":{"start":{"line":139,"column":10},"end":{"line":139,"column":null}},"6":{"start":{"line":140,"column":10},"end":{"line":140,"column":null}},"7":{"start":{"line":144,"column":4},"end":{"line":146,"column":null}},"8":{"start":{"line":145,"column":6},"end":{"line":145,"column":null}},"9":{"start":{"line":145,"column":42},"end":{"line":145,"column":null}},"10":{"start":{"line":150,"column":14},"end":{"line":150,"column":16}},"11":{"start":{"line":151,"column":15},"end":{"line":151,"column":38}},"12":{"start":{"line":152,"column":4},"end":{"line":155,"column":null}},"13":{"start":{"line":153,"column":6},"end":{"line":153,"column":null}},"14":{"start":{"line":154,"column":6},"end":{"line":154,"column":null}},"15":{"start":{"line":156,"column":4},"end":{"line":156,"column":null}},"16":{"start":{"line":164,"column":24},"end":{"line":164,"column":44}},"17":{"start":{"line":166,"column":15},"end":{"line":166,"column":35}},"18":{"start":{"line":167,"column":4},"end":{"line":176,"column":null}},"19":{"start":{"line":168,"column":6},"end":{"line":174,"column":null}},"20":{"start":{"line":169,"column":8},"end":{"line":173,"column":null}},"21":{"start":{"line":175,"column":6},"end":{"line":175,"column":null}},"22":{"start":{"line":178,"column":4},"end":{"line":178,"column":null}},"23":{"start":{"line":178,"column":21},"end":{"line":178,"column":null}},"24":{"start":{"line":180,"column":4},"end":{"line":183,"column":null}},"25":{"start":{"line":185,"column":4},"end":{"line":188,"column":null}},"26":{"start":{"line":192,"column":24},"end":{"line":192,"column":44}},"27":{"start":{"line":194,"column":15},"end":{"line":194,"column":35}},"28":{"start":{"line":195,"column":4},"end":{"line":200,"column":null}},"29":{"start":{"line":196,"column":6},"end":{"line":198,"column":null}},"30":{"start":{"line":197,"column":8},"end":{"line":197,"column":null}},"31":{"start":{"line":199,"column":6},"end":{"line":199,"column":null}},"32":{"start":{"line":202,"column":4},"end":{"line":202,"column":null}},"33":{"start":{"line":203,"column":4},"end":{"line":203,"column":null}},"34":{"start":{"line":205,"column":4},"end":{"line":208,"column":null}},"35":{"start":{"line":212,"column":4},"end":{"line":212,"column":null}},"36":{"start":{"line":213,"column":4},"end":{"line":213,"column":null}},"37":{"start":{"line":217,"column":4},"end":{"line":219,"column":null}},"38":{"start":{"line":218,"column":6},"end":{"line":218,"column":47}},"39":{"start":{"line":221,"column":4},"end":{"line":223,"column":null}},"40":{"start":{"line":222,"column":6},"end":{"line":222,"column":null}},"41":{"start":{"line":229,"column":4},"end":{"line":232,"column":null}},"42":{"start":{"line":236,"column":4},"end":{"line":239,"column":null}},"43":{"start":{"line":243,"column":4},"end":{"line":243,"column":null}},"44":{"start":{"line":243,"column":52},"end":{"line":243,"column":null}},"45":{"start":{"line":245,"column":31},"end":{"line":245,"column":null}},"46":{"start":{"line":251,"column":17},"end":{"line":251,"column":36}},"47":{"start":{"line":252,"column":25},"end":{"line":253,"column":null}},"48":{"start":{"line":253,"column":6},"end":{"line":253,"column":52}},"49":{"start":{"line":256,"column":6},"end":{"line":256,"column":76}},"50":{"start":{"line":257,"column":4},"end":{"line":257,"column":null}},"51":{"start":{"line":261,"column":4},"end":{"line":265,"column":null}},"52":{"start":{"line":269,"column":4},"end":{"line":269,"column":null}},"53":{"start":{"line":269,"column":44},"end":{"line":269,"column":null}},"54":{"start":{"line":271,"column":4},"end":{"line":272,"column":null}},"55":{"start":{"line":272,"column":6},"end":{"line":272,"column":null}},"56":{"start":{"line":274,"column":31},"end":{"line":274,"column":null}},"57":{"start":{"line":280,"column":17},"end":{"line":280,"column":36}},"58":{"start":{"line":281,"column":34},"end":{"line":281,"column":36}},"59":{"start":{"line":282,"column":4},"end":{"line":297,"column":null}},"60":{"start":{"line":283,"column":6},"end":{"line":296,"column":null}},"61":{"start":{"line":285,"column":10},"end":{"line":285,"column":null}},"62":{"start":{"line":286,"column":10},"end":{"line":286,"column":15}},"63":{"start":{"line":288,"column":10},"end":{"line":288,"column":null}},"64":{"start":{"line":289,"column":10},"end":{"line":289,"column":15}},"65":{"start":{"line":291,"column":10},"end":{"line":291,"column":null}},"66":{"start":{"line":292,"column":10},"end":{"line":292,"column":15}},"67":{"start":{"line":294,"column":10},"end":{"line":294,"column":null}},"68":{"start":{"line":295,"column":10},"end":{"line":295,"column":15}},"69":{"start":{"line":299,"column":4},"end":{"line":305,"column":null}},"70":{"start":{"line":304,"column":6},"end":{"line":304,"column":null}},"71":{"start":{"line":306,"column":4},"end":{"line":311,"column":null}},"72":{"start":{"line":310,"column":6},"end":{"line":310,"column":null}},"73":{"start":{"line":313,"column":4},"end":{"line":314,"column":null}},"74":{"start":{"line":314,"column":6},"end":{"line":314,"column":null}},"75":{"start":{"line":316,"column":4},"end":{"line":322,"column":null}},"76":{"start":{"line":326,"column":32},"end":{"line":326,"column":34}},"77":{"start":{"line":327,"column":14},"end":{"line":327,"column":16}},"78":{"start":{"line":329,"column":18},"end":{"line":329,"column":32}},"79":{"start":{"line":330,"column":4},"end":{"line":348,"column":null}},"80":{"start":{"line":331,"column":19},"end":{"line":331,"column":32}},"81":{"start":{"line":332,"column":6},"end":{"line":332,"column":35}},"82":{"start":{"line":332,"column":30},"end":{"line":332,"column":35}},"83":{"start":{"line":333,"column":6},"end":{"line":347,"column":null}},"84":{"start":{"line":334,"column":8},"end":{"line":334,"column":null}},"85":{"start":{"line":335,"column":8},"end":{"line":340,"column":null}},"86":{"start":{"line":336,"column":10},"end":{"line":336,"column":null}},"87":{"start":{"line":337,"column":10},"end":{"line":337,"column":null}},"88":{"start":{"line":339,"column":10},"end":{"line":339,"column":null}},"89":{"start":{"line":341,"column":13},"end":{"line":347,"column":null}},"90":{"start":{"line":342,"column":8},"end":{"line":342,"column":null}},"91":{"start":{"line":343,"column":13},"end":{"line":347,"column":null}},"92":{"start":{"line":344,"column":8},"end":{"line":344,"column":null}},"93":{"start":{"line":346,"column":8},"end":{"line":346,"column":null}},"94":{"start":{"line":350,"column":4},"end":{"line":350,"column":null}},"95":{"start":{"line":350,"column":13},"end":{"line":350,"column":null}},"96":{"start":{"line":352,"column":4},"end":{"line":354,"column":null}},"97":{"start":{"line":353,"column":6},"end":{"line":353,"column":null}},"98":{"start":{"line":356,"column":4},"end":{"line":356,"column":null}},"99":{"start":{"line":360,"column":4},"end":{"line":360,"column":null}},"100":{"start":{"line":364,"column":4},"end":{"line":364,"column":null}},"101":{"start":{"line":369,"column":4},"end":{"line":370,"column":null}},"102":{"start":{"line":370,"column":6},"end":{"line":370,"column":null}},"103":{"start":{"line":373,"column":4},"end":{"line":377,"column":null}},"104":{"start":{"line":377,"column":6},"end":{"line":377,"column":null}},"105":{"start":{"line":380,"column":4},"end":{"line":381,"column":null}},"106":{"start":{"line":381,"column":6},"end":{"line":381,"column":null}},"107":{"start":{"line":385,"column":4},"end":{"line":385,"column":null}},"108":{"start":{"line":391,"column":14},"end":{"line":391,"column":23}},"109":{"start":{"line":393,"column":4},"end":{"line":401,"column":null}},"110":{"start":{"line":394,"column":6},"end":{"line":394,"column":null}},"111":{"start":{"line":395,"column":9},"end":{"line":401,"column":null}},"112":{"start":{"line":396,"column":6},"end":{"line":399,"column":null}},"113":{"start":{"line":400,"column":6},"end":{"line":400,"column":null}},"114":{"start":{"line":403,"column":4},"end":{"line":409,"column":null}},"115":{"start":{"line":404,"column":6},"end":{"line":408,"column":null}},"116":{"start":{"line":411,"column":4},"end":{"line":411,"column":null}},"117":{"start":{"line":411,"column":34},"end":{"line":411,"column":null}},"118":{"start":{"line":413,"column":4},"end":{"line":413,"column":null}},"119":{"start":{"line":417,"column":24},"end":{"line":417,"column":70}},"120":{"start":{"line":419,"column":4},"end":{"line":422,"column":null}},"121":{"start":{"line":424,"column":4},"end":{"line":424,"column":36}},"122":{"start":{"line":424,"column":30},"end":{"line":424,"column":36}},"123":{"start":{"line":426,"column":30},"end":{"line":426,"column":69}},"124":{"start":{"line":427,"column":4},"end":{"line":427,"column":null}},"125":{"start":{"line":428,"column":4},"end":{"line":428,"column":null}},"126":{"start":{"line":430,"column":4},"end":{"line":437,"column":null}},"127":{"start":{"line":431,"column":6},"end":{"line":433,"column":null}},"128":{"start":{"line":432,"column":8},"end":{"line":432,"column":null}},"129":{"start":{"line":435,"column":6},"end":{"line":435,"column":null}},"130":{"start":{"line":436,"column":6},"end":{"line":436,"column":12}},"131":{"start":{"line":439,"column":4},"end":{"line":439,"column":null}},"132":{"start":{"line":440,"column":4},"end":{"line":442,"column":null}},"133":{"start":{"line":444,"column":4},"end":{"line":454,"column":null}},"134":{"start":{"line":448,"column":6},"end":{"line":450,"column":null}},"135":{"start":{"line":449,"column":8},"end":{"line":449,"column":null}},"136":{"start":{"line":451,"column":6},"end":{"line":451,"column":null}},"137":{"start":{"line":451,"column":51},"end":{"line":451,"column":73}},"138":{"start":{"line":452,"column":6},"end":{"line":452,"column":null}},"139":{"start":{"line":453,"column":6},"end":{"line":453,"column":12}},"140":{"start":{"line":456,"column":4},"end":{"line":462,"column":null}},"141":{"start":{"line":457,"column":6},"end":{"line":461,"column":null}},"142":{"start":{"line":458,"column":8},"end":{"line":458,"column":null}},"143":{"start":{"line":459,"column":8},"end":{"line":459,"column":null}},"144":{"start":{"line":460,"column":8},"end":{"line":460,"column":null}},"145":{"start":{"line":138,"column":0},"end":{"line":138,"column":21}}},"fnMap":{"0":{"name":"(anonymous_0)","decl":{"start":{"line":143,"column":2},"end":{"line":143,"column":14}},"loc":{"start":{"line":143,"column":63},"end":{"line":147,"column":3}}},"1":{"name":"(anonymous_1)","decl":{"start":{"line":144,"column":40},"end":{"line":144,"column":45}},"loc":{"start":{"line":144,"column":48},"end":{"line":146,"column":5}}},"2":{"name":"(anonymous_2)","decl":{"start":{"line":149,"column":2},"end":{"line":149,"column":6}},"loc":{"start":{"line":149,"column":24},"end":{"line":157,"column":3}}},"3":{"name":"(anonymous_3)","decl":{"start":{"line":159,"column":9},"end":{"line":159,"column":19}},"loc":{"start":{"line":162,"column":34},"end":{"line":189,"column":3}}},"4":{"name":"(anonymous_4)","decl":{"start":{"line":167,"column":24},"end":{"line":167,"column":35}},"loc":{"start":{"line":167,"column":38},"end":{"line":176,"column":5}}},"5":{"name":"(anonymous_5)","decl":{"start":{"line":191,"column":9},"end":{"line":191,"column":22}},"loc":{"start":{"line":191,"column":35},"end":{"line":209,"column":3}}},"6":{"name":"(anonymous_6)","decl":{"start":{"line":195,"column":24},"end":{"line":195,"column":35}},"loc":{"start":{"line":195,"column":38},"end":{"line":200,"column":5}}},"7":{"name":"(anonymous_7)","decl":{"start":{"line":211,"column":9},"end":{"line":211,"column":17}},"loc":{"start":{"line":211,"column":17},"end":{"line":214,"column":3}}},"8":{"name":"(anonymous_8)","decl":{"start":{"line":216,"column":10},"end":{"line":216,"column":26}},"loc":{"start":{"line":216,"column":48},"end":{"line":224,"column":3}}},"9":{"name":"(anonymous_9)","decl":{"start":{"line":217,"column":54},"end":{"line":217,"column":57}},"loc":{"start":{"line":218,"column":6},"end":{"line":218,"column":47}}},"10":{"name":"(anonymous_10)","decl":{"start":{"line":226,"column":10},"end":{"line":226,"column":29}},"loc":{"start":{"line":227,"column":20},"end":{"line":233,"column":3}}},"11":{"name":"(anonymous_11)","decl":{"start":{"line":235,"column":10},"end":{"line":235,"column":30}},"loc":{"start":{"line":235,"column":47},"end":{"line":240,"column":3}}},"12":{"name":"(anonymous_12)","decl":{"start":{"line":242,"column":10},"end":{"line":242,"column":31}},"loc":{"start":{"line":242,"column":48},"end":{"line":258,"column":3}}},"13":{"name":"(anonymous_13)","decl":{"start":{"line":252,"column":36},"end":{"line":252,"column":37}},"loc":{"start":{"line":253,"column":6},"end":{"line":253,"column":52}}},"14":{"name":"(anonymous_14)","decl":{"start":{"line":260,"column":10},"end":{"line":260,"column":23}},"loc":{"start":{"line":260,"column":40},"end":{"line":266,"column":3}}},"15":{"name":"(anonymous_15)","decl":{"start":{"line":268,"column":10},"end":{"line":268,"column":30}},"loc":{"start":{"line":268,"column":52},"end":{"line":323,"column":3}}},"16":{"name":"(anonymous_16)","decl":{"start":{"line":282,"column":17},"end":{"line":282,"column":18}},"loc":{"start":{"line":282,"column":21},"end":{"line":297,"column":5}}},"17":{"name":"(anonymous_17)","decl":{"start":{"line":325,"column":10},"end":{"line":325,"column":19}},"loc":{"start":{"line":325,"column":32},"end":{"line":357,"column":3}}},"18":{"name":"(anonymous_18)","decl":{"start":{"line":359,"column":10},"end":{"line":359,"column":25}},"loc":{"start":{"line":359,"column":46},"end":{"line":361,"column":3}}},"19":{"name":"(anonymous_19)","decl":{"start":{"line":363,"column":10},"end":{"line":363,"column":26}},"loc":{"start":{"line":363,"column":47},"end":{"line":365,"column":3}}},"20":{"name":"(anonymous_20)","decl":{"start":{"line":367,"column":10},"end":{"line":367,"column":41}},"loc":{"start":{"line":367,"column":62},"end":{"line":386,"column":3}}},"21":{"name":"(anonymous_21)","decl":{"start":{"line":388,"column":10},"end":{"line":388,"column":44}},"loc":{"start":{"line":389,"column":24},"end":{"line":414,"column":3}}},"22":{"name":"(anonymous_22)","decl":{"start":{"line":416,"column":10},"end":{"line":416,"column":23}},"loc":{"start":{"line":416,"column":44},"end":{"line":463,"column":3}}},"23":{"name":"(anonymous_23)","decl":{"start":{"line":432,"column":48},"end":{"line":432,"column":51}},"loc":{"start":{"line":432,"column":53},"end":{"line":432,"column":56}}},"24":{"name":"(anonymous_24)","decl":{"start":{"line":451,"column":45},"end":{"line":451,"column":48}},"loc":{"start":{"line":451,"column":51},"end":{"line":451,"column":73}}},"25":{"name":"(anonymous_25)","decl":{"start":{"line":457,"column":45},"end":{"line":457,"column":48}},"loc":{"start":{"line":457,"column":50},"end":{"line":461,"column":7}}},"26":{"name":"(anonymous_26)","decl":{"start":{"line":458,"column":48},"end":{"line":458,"column":51}},"loc":{"start":{"line":458,"column":53},"end":{"line":458,"column":56}}}},"branchMap":{"0":{"loc":{"start":{"line":143,"column":14},"end":{"line":143,"column":63}},"type":"default-arg","locations":[{"start":{"line":143,"column":57},"end":{"line":143,"column":63}}]},"1":{"loc":{"start":{"line":145,"column":6},"end":{"line":145,"column":null}},"type":"if","locations":[{"start":{"line":145,"column":6},"end":{"line":145,"column":null}}]},"2":{"loc":{"start":{"line":153,"column":15},"end":{"line":153,"column":29}},"type":"binary-expr","locations":[{"start":{"line":153,"column":15},"end":{"line":153,"column":23}},{"start":{"line":153,"column":27},"end":{"line":153,"column":29}}]},"3":{"loc":{"start":{"line":162,"column":4},"end":{"line":162,"column":34}},"type":"default-arg","locations":[{"start":{"line":162,"column":32},"end":{"line":162,"column":34}}]},"4":{"loc":{"start":{"line":162,"column":6},"end":{"line":162,"column":27}},"type":"default-arg","locations":[{"start":{"line":162,"column":23},"end":{"line":162,"column":27}}]},"5":{"loc":{"start":{"line":168,"column":6},"end":{"line":174,"column":null}},"type":"if","locations":[{"start":{"line":168,"column":6},"end":{"line":174,"column":null}}]},"6":{"loc":{"start":{"line":178,"column":4},"end":{"line":178,"column":null}},"type":"if","locations":[{"start":{"line":178,"column":4},"end":{"line":178,"column":null}}]},"7":{"loc":{"start":{"line":196,"column":6},"end":{"line":198,"column":null}},"type":"if","locations":[{"start":{"line":196,"column":6},"end":{"line":198,"column":null}}]},"8":{"loc":{"start":{"line":221,"column":4},"end":{"line":223,"column":null}},"type":"if","locations":[{"start":{"line":221,"column":4},"end":{"line":223,"column":null}}]},"9":{"loc":{"start":{"line":221,"column":8},"end":{"line":221,"column":73}},"type":"binary-expr","locations":[{"start":{"line":221,"column":8},"end":{"line":221,"column":16}},{"start":{"line":221,"column":20},"end":{"line":221,"column":31}},{"start":{"line":221,"column":35},"end":{"line":221,"column":47}},{"start":{"line":221,"column":51},"end":{"line":221,"column":73}}]},"10":{"loc":{"start":{"line":230,"column":6},"end":{"line":231,"column":45}},"type":"binary-expr","locations":[{"start":{"line":230,"column":6},"end":{"line":230,"column":57}},{"start":{"line":231,"column":6},"end":{"line":231,"column":45}}]},"11":{"loc":{"start":{"line":237,"column":6},"end":{"line":238,"column":75}},"type":"binary-expr","locations":[{"start":{"line":237,"column":6},"end":{"line":237,"column":36}},{"start":{"line":238,"column":6},"end":{"line":238,"column":75}}]},"12":{"loc":{"start":{"line":243,"column":4},"end":{"line":243,"column":null}},"type":"if","locations":[{"start":{"line":243,"column":4},"end":{"line":243,"column":null}}]},"13":{"loc":{"start":{"line":256,"column":6},"end":{"line":256,"column":76}},"type":"binary-expr","locations":[{"start":{"line":256,"column":6},"end":{"line":256,"column":35}},{"start":{"line":256,"column":39},"end":{"line":256,"column":76}}]},"14":{"loc":{"start":{"line":257,"column":11},"end":{"line":257,"column":37}},"type":"binary-expr","locations":[{"start":{"line":257,"column":11},"end":{"line":257,"column":23}},{"start":{"line":257,"column":27},"end":{"line":257,"column":37}}]},"15":{"loc":{"start":{"line":262,"column":6},"end":{"line":264,"column":42}},"type":"binary-expr","locations":[{"start":{"line":262,"column":6},"end":{"line":262,"column":40}},{"start":{"line":263,"column":6},"end":{"line":263,"column":41}},{"start":{"line":264,"column":6},"end":{"line":264,"column":42}}]},"16":{"loc":{"start":{"line":269,"column":4},"end":{"line":269,"column":null}},"type":"if","locations":[{"start":{"line":269,"column":4},"end":{"line":269,"column":null}}]},"17":{"loc":{"start":{"line":271,"column":4},"end":{"line":272,"column":null}},"type":"if","locations":[{"start":{"line":271,"column":4},"end":{"line":272,"column":null}}]},"18":{"loc":{"start":{"line":283,"column":6},"end":{"line":296,"column":null}},"type":"switch","locations":[{"start":{"line":284,"column":8},"end":{"line":286,"column":15}},{"start":{"line":287,"column":8},"end":{"line":289,"column":15}},{"start":{"line":290,"column":8},"end":{"line":292,"column":15}},{"start":{"line":293,"column":8},"end":{"line":295,"column":15}}]},"19":{"loc":{"start":{"line":299,"column":4},"end":{"line":305,"column":null}},"type":"if","locations":[{"start":{"line":299,"column":4},"end":{"line":305,"column":null}}]},"20":{"loc":{"start":{"line":300,"column":6},"end":{"line":302,"column":46}},"type":"binary-expr","locations":[{"start":{"line":300,"column":6},"end":{"line":300,"column":52}},{"start":{"line":301,"column":6},"end":{"line":301,"column":28}},{"start":{"line":302,"column":6},"end":{"line":302,"column":46}}]},"21":{"loc":{"start":{"line":306,"column":4},"end":{"line":311,"column":null}},"type":"if","locations":[{"start":{"line":306,"column":4},"end":{"line":311,"column":null}}]},"22":{"loc":{"start":{"line":307,"column":6},"end":{"line":308,"column":31}},"type":"binary-expr","locations":[{"start":{"line":307,"column":6},"end":{"line":307,"column":52}},{"start":{"line":308,"column":6},"end":{"line":308,"column":31}}]},"23":{"loc":{"start":{"line":313,"column":4},"end":{"line":314,"column":null}},"type":"if","locations":[{"start":{"line":313,"column":4},"end":{"line":314,"column":null}}]},"24":{"loc":{"start":{"line":313,"column":8},"end":{"line":313,"column":68}},"type":"binary-expr","locations":[{"start":{"line":313,"column":8},"end":{"line":313,"column":42}},{"start":{"line":313,"column":46},"end":{"line":313,"column":68}}]},"25":{"loc":{"start":{"line":317,"column":6},"end":{"line":321,"column":null}},"type":"cond-expr","locations":[{"start":{"line":318,"column":10},"end":{"line":320,"column":29}},{"start":{"line":321,"column":10},"end":{"line":321,"column":null}}]},"26":{"loc":{"start":{"line":318,"column":10},"end":{"line":320,"column":29}},"type":"cond-expr","locations":[{"start":{"line":319,"column":12},"end":{"line":319,"column":29}},{"start":{"line":320,"column":12},"end":{"line":320,"column":29}}]},"27":{"loc":{"start":{"line":332,"column":6},"end":{"line":332,"column":35}},"type":"if","locations":[{"start":{"line":332,"column":6},"end":{"line":332,"column":35}}]},"28":{"loc":{"start":{"line":333,"column":6},"end":{"line":347,"column":null}},"type":"if","locations":[{"start":{"line":333,"column":6},"end":{"line":347,"column":null}},{"start":{"line":341,"column":13},"end":{"line":347,"column":null}}]},"29":{"loc":{"start":{"line":335,"column":8},"end":{"line":340,"column":null}},"type":"if","locations":[{"start":{"line":335,"column":8},"end":{"line":340,"column":null}},{"start":{"line":338,"column":15},"end":{"line":340,"column":null}}]},"30":{"loc":{"start":{"line":341,"column":13},"end":{"line":347,"column":null}},"type":"if","locations":[{"start":{"line":341,"column":13},"end":{"line":347,"column":null}},{"start":{"line":343,"column":13},"end":{"line":347,"column":null}}]},"31":{"loc":{"start":{"line":341,"column":17},"end":{"line":341,"column":43}},"type":"binary-expr","locations":[{"start":{"line":341,"column":17},"end":{"line":341,"column":27}},{"start":{"line":341,"column":31},"end":{"line":341,"column":43}}]},"32":{"loc":{"start":{"line":343,"column":13},"end":{"line":347,"column":null}},"type":"if","locations":[{"start":{"line":343,"column":13},"end":{"line":347,"column":null}},{"start":{"line":345,"column":13},"end":{"line":347,"column":null}}]},"33":{"loc":{"start":{"line":350,"column":4},"end":{"line":350,"column":null}},"type":"if","locations":[{"start":{"line":350,"column":4},"end":{"line":350,"column":null}}]},"34":{"loc":{"start":{"line":352,"column":4},"end":{"line":354,"column":null}},"type":"if","locations":[{"start":{"line":352,"column":4},"end":{"line":354,"column":null}}]},"35":{"loc":{"start":{"line":360,"column":11},"end":{"line":360,"column":78}},"type":"binary-expr","locations":[{"start":{"line":360,"column":11},"end":{"line":360,"column":24}},{"start":{"line":360,"column":28},"end":{"line":360,"column":43}},{"start":{"line":360,"column":47},"end":{"line":360,"column":60}},{"start":{"line":360,"column":64},"end":{"line":360,"column":78}}]},"36":{"loc":{"start":{"line":364,"column":11},"end":{"line":364,"column":78}},"type":"binary-expr","locations":[{"start":{"line":364,"column":11},"end":{"line":364,"column":25}},{"start":{"line":364,"column":29},"end":{"line":364,"column":43}},{"start":{"line":364,"column":47},"end":{"line":364,"column":60}},{"start":{"line":364,"column":64},"end":{"line":364,"column":78}}]},"37":{"loc":{"start":{"line":369,"column":4},"end":{"line":370,"column":null}},"type":"if","locations":[{"start":{"line":369,"column":4},"end":{"line":370,"column":null}}]},"38":{"loc":{"start":{"line":373,"column":4},"end":{"line":377,"column":null}},"type":"if","locations":[{"start":{"line":373,"column":4},"end":{"line":377,"column":null}}]},"39":{"loc":{"start":{"line":374,"column":6},"end":{"line":375,"column":43}},"type":"binary-expr","locations":[{"start":{"line":374,"column":6},"end":{"line":374,"column":58}},{"start":{"line":375,"column":6},"end":{"line":375,"column":43}}]},"40":{"loc":{"start":{"line":380,"column":4},"end":{"line":381,"column":null}},"type":"if","locations":[{"start":{"line":380,"column":4},"end":{"line":381,"column":null}}]},"41":{"loc":{"start":{"line":380,"column":8},"end":{"line":380,"column":46}},"type":"binary-expr","locations":[{"start":{"line":380,"column":8},"end":{"line":380,"column":25}},{"start":{"line":380,"column":29},"end":{"line":380,"column":46}}]},"42":{"loc":{"start":{"line":385,"column":11},"end":{"line":385,"column":75}},"type":"binary-expr","locations":[{"start":{"line":385,"column":11},"end":{"line":385,"column":24}},{"start":{"line":385,"column":28},"end":{"line":385,"column":42}},{"start":{"line":385,"column":46},"end":{"line":385,"column":58}},{"start":{"line":385,"column":62},"end":{"line":385,"column":75}}]},"43":{"loc":{"start":{"line":393,"column":4},"end":{"line":401,"column":null}},"type":"if","locations":[{"start":{"line":393,"column":4},"end":{"line":401,"column":null}},{"start":{"line":395,"column":9},"end":{"line":401,"column":null}}]},"44":{"loc":{"start":{"line":395,"column":9},"end":{"line":401,"column":null}},"type":"if","locations":[{"start":{"line":395,"column":9},"end":{"line":401,"column":null}}]},"45":{"loc":{"start":{"line":403,"column":4},"end":{"line":409,"column":null}},"type":"if","locations":[{"start":{"line":403,"column":4},"end":{"line":409,"column":null}}]},"46":{"loc":{"start":{"line":404,"column":16},"end":{"line":404,"column":40}},"type":"cond-expr","locations":[{"start":{"line":404,"column":32},"end":{"line":404,"column":35}},{"start":{"line":404,"column":38},"end":{"line":404,"column":40}}]},"47":{"loc":{"start":{"line":404,"column":43},"end":{"line":404,"column":68}},"type":"cond-expr","locations":[{"start":{"line":404,"column":60},"end":{"line":404,"column":63}},{"start":{"line":404,"column":66},"end":{"line":404,"column":68}}]},"48":{"loc":{"start":{"line":405,"column":8},"end":{"line":405,"column":null}},"type":"cond-expr","locations":[{"start":{"line":405,"column":23},"end":{"line":405,"column":26}},{"start":{"line":405,"column":29},"end":{"line":405,"column":null}}]},"49":{"loc":{"start":{"line":406,"column":9},"end":{"line":406,"column":33}},"type":"cond-expr","locations":[{"start":{"line":406,"column":25},"end":{"line":406,"column":28}},{"start":{"line":406,"column":31},"end":{"line":406,"column":33}}]},"50":{"loc":{"start":{"line":407,"column":8},"end":{"line":407,"column":null}},"type":"cond-expr","locations":[{"start":{"line":407,"column":41},"end":{"line":407,"column":71}},{"start":{"line":407,"column":74},"end":{"line":407,"column":null}}]},"51":{"loc":{"start":{"line":411,"column":4},"end":{"line":411,"column":null}},"type":"if","locations":[{"start":{"line":411,"column":4},"end":{"line":411,"column":null}}]},"52":{"loc":{"start":{"line":424,"column":4},"end":{"line":424,"column":36}},"type":"if","locations":[{"start":{"line":424,"column":4},"end":{"line":424,"column":36}}]},"53":{"loc":{"start":{"line":430,"column":4},"end":{"line":437,"column":null}},"type":"if","locations":[{"start":{"line":430,"column":4},"end":{"line":437,"column":null}}]},"54":{"loc":{"start":{"line":431,"column":6},"end":{"line":433,"column":null}},"type":"if","locations":[{"start":{"line":431,"column":6},"end":{"line":433,"column":null}}]},"55":{"loc":{"start":{"line":431,"column":10},"end":{"line":431,"column":53}},"type":"binary-expr","locations":[{"start":{"line":431,"column":10},"end":{"line":431,"column":27}},{"start":{"line":431,"column":31},"end":{"line":431,"column":53}}]},"56":{"loc":{"start":{"line":432,"column":8},"end":{"line":432,"column":57}},"type":"cond-expr","locations":[{"start":{"line":432,"column":38},"end":{"line":432,"column":40}},{"start":{"line":432,"column":38},"end":{"line":432,"column":57}}]},"57":{"loc":{"start":{"line":432,"column":8},"end":{"line":432,"column":40}},"type":"binary-expr","locations":[{"start":{"line":432,"column":8},"end":{"line":432,"column":40}},{"start":{"line":432,"column":38},"end":{"line":432,"column":40}}]},"58":{"loc":{"start":{"line":444,"column":4},"end":{"line":454,"column":null}},"type":"if","locations":[{"start":{"line":444,"column":4},"end":{"line":454,"column":null}}]},"59":{"loc":{"start":{"line":445,"column":6},"end":{"line":446,"column":36}},"type":"binary-expr","locations":[{"start":{"line":445,"column":6},"end":{"line":445,"column":47}},{"start":{"line":446,"column":6},"end":{"line":446,"column":36}}]},"60":{"loc":{"start":{"line":448,"column":6},"end":{"line":450,"column":null}},"type":"if","locations":[{"start":{"line":448,"column":6},"end":{"line":450,"column":null}}]},"61":{"loc":{"start":{"line":456,"column":4},"end":{"line":462,"column":null}},"type":"if","locations":[{"start":{"line":456,"column":4},"end":{"line":462,"column":null}}]},"62":{"loc":{"start":{"line":458,"column":8},"end":{"line":458,"column":57}},"type":"cond-expr","locations":[{"start":{"line":458,"column":38},"end":{"line":458,"column":40}},{"start":{"line":458,"column":38},"end":{"line":458,"column":57}}]},"63":{"loc":{"start":{"line":458,"column":8},"end":{"line":458,"column":40}},"type":"binary-expr","locations":[{"start":{"line":458,"column":8},"end":{"line":458,"column":40}},{"start":{"line":458,"column":38},"end":{"line":458,"column":40}}]}},"s":{"0":1,"1":1,"2":1,"3":1,"4":1,"5":1,"6":1,"7":1,"8":27,"9":27,"10":22,"11":22,"12":22,"13":29,"14":29,"15":22,"16":23,"17":20,"18":20,"19":28,"20":25,"21":28,"22":20,"23":0,"24":20,"25":20,"26":0,"27":0,"28":0,"29":0,"30":0,"31":0,"32":0,"33":0,"34":0,"35":21,"36":21,"37":0,"38":0,"39":0,"40":0,"41":92,"42":42,"43":16,"44":0,"45":16,"46":16,"47":16,"48":23,"49":16,"50":16,"51":57,"52":13,"53":0,"54":13,"55":3,"56":10,"57":10,"58":10,"59":10,"60":13,"61":4,"62":4,"63":3,"64":3,"65":3,"66":3,"67":3,"68":3,"69":10,"70":1,"71":9,"72":1,"73":9,"74":3,"75":6,"76":23,"77":23,"78":23,"79":23,"80":90,"81":90,"82":0,"83":90,"84":13,"85":13,"86":13,"87":10,"88":0,"89":77,"90":59,"91":18,"92":18,"93":0,"94":20,"95":0,"96":20,"97":0,"98":20,"99":8,"100":4,"101":26,"102":8,"103":18,"104":4,"105":14,"106":0,"107":14,"108":27,"109":27,"110":4,"111":23,"112":1,"113":1,"114":26,"115":6,"116":26,"117":0,"118":26,"119":27,"120":27,"121":27,"122":1,"123":26,"124":26,"125":26,"126":26,"127":4,"128":1,"129":4,"130":4,"131":22,"132":22,"133":22,"134":14,"135":14,"136":14,"137":0,"138":14,"139":14,"140":8,"141":3,"142":1,"143":1,"144":1,"145":1},"f":{"0":1,"1":27,"2":22,"3":23,"4":28,"5":0,"6":0,"7":21,"8":0,"9":0,"10":92,"11":42,"12":16,"13":23,"14":57,"15":13,"16":13,"17":23,"18":8,"19":4,"20":26,"21":27,"22":27,"23":0,"24":0,"25":1,"26":0},"b":{"0":[0],"1":[27],"2":[29,0],"3":[23],"4":[23],"5":[25],"6":[0],"7":[0],"8":[0],"9":[0,0,0,0],"10":[92,53],"11":[42,10],"12":[0],"13":[16,0],"14":[16,16],"15":[57,23,16],"16":[0],"17":[3],"18":[4,3,3,3],"19":[1],"20":[10,6,2],"21":[1],"22":[9,5],"23":[3],"24":[9,4],"25":[6,0],"26":[2,4],"27":[0],"28":[13,77],"29":[13,0],"30":[59,18],"31":[77,31],"32":[18,0],"33":[0],"34":[0],"35":[8,1,1,1],"36":[4,4,2,2],"37":[8],"38":[4],"39":[18,14],"40":[0],"41":[14,14],"42":[14,13,13,12],"43":[4,23],"44":[1],"45":[6],"46":[4,2],"47":[2,4],"48":[2,4],"49":[2,4],"50":[0,6],"51":[0],"52":[1],"53":[4],"54":[1],"55":[4,1],"56":[0,1],"57":[1,1],"58":[14],"59":[22,14],"60":[14],"61":[3],"62":[0,1],"63":[1,1]}}
,"/home/otard/dev/personal/prun-palette/src/utils/object.ts": {"path":"/home/otard/dev/personal/prun-palette/src/utils/object.ts","statementMap":{"0":{"start":{"line":20,"column":2},"end":{"line":20,"column":null}},"1":{"start":{"line":19,"column":0},"end":{"line":19,"column":16}}},"fnMap":{"0":{"name":"isEmpty","decl":{"start":{"line":19,"column":16},"end":{"line":19,"column":23}},"loc":{"start":{"line":19,"column":37},"end":{"line":21,"column":1}}}},"branchMap":{},"s":{"0":22,"1":1},"f":{"0":22},"b":{}}
}
