{"/home/otard/dev/personal/prun-palette/src/keybinds.ts": {"path":"/home/otard/dev/personal/prun-palette/src/keybinds.ts","statementMap":{"0":{"start":{"line":20,"column":0},"end":{"line":20,"column":40}},"1":{"start":{"line":23,"column":17},"end":{"line":50,"column":null}},"2":{"start":{"line":52,"column":16},"end":{"line":75,"column":null}},"3":{"start":{"line":77,"column":59},"end":{"line":95,"column":null}},"4":{"start":{"line":97,"column":31},"end":{"line":117,"column":null}},"5":{"start":{"line":145,"column":10},"end":{"line":145,"column":null}},"6":{"start":{"line":146,"column":10},"end":{"line":146,"column":null}},"7":{"start":{"line":150,"column":4},"end":{"line":152,"column":null}},"8":{"start":{"line":151,"column":6},"end":{"line":151,"column":null}},"9":{"start":{"line":151,"column":42},"end":{"line":151,"column":null}},"10":{"start":{"line":156,"column":14},"end":{"line":156,"column":16}},"11":{"start":{"line":157,"column":15},"end":{"line":157,"column":38}},"12":{"start":{"line":158,"column":4},"end":{"line":161,"column":null}},"13":{"start":{"line":159,"column":6},"end":{"line":159,"column":null}},"14":{"start":{"line":160,"column":6},"end":{"line":160,"column":null}},"15":{"start":{"line":162,"column":4},"end":{"line":162,"column":null}},"16":{"start":{"line":170,"column":24},"end":{"line":170,"column":44}},"17":{"start":{"line":172,"column":15},"end":{"line":172,"column":35}},"18":{"start":{"line":173,"column":4},"end":{"line":182,"column":null}},"19":{"start":{"line":174,"column":6},"end":{"line":180,"column":null}},"20":{"start":{"line":175,"column":8},"end":{"line":179,"column":null}},"21":{"start":{"line":181,"column":6},"end":{"line":181,"column":null}},"22":{"start":{"line":184,"column":4},"end":{"line":184,"column":null}},"23":{"start":{"line":184,"column":21},"end":{"line":184,"column":null}},"24":{"start":{"line":186,"column":4},"end":{"line":189,"column":null}},"25":{"start":{"line":191,"column":4},"end":{"line":194,"column":null}},"26":{"start":{"line":198,"column":24},"end":{"line":198,"column":44}},"27":{"start":{"line":200,"column":15},"end":{"line":200,"column":35}},"28":{"start":{"line":201,"column":4},"end":{"line":206,"column":null}},"29":{"start":{"line":202,"column":6},"end":{"line":204,"column":null}},"30":{"start":{"line":203,"column":8},"end":{"line":203,"column":null}},"31":{"start":{"line":205,"column":6},"end":{"line":205,"column":null}},"32":{"start":{"line":208,"column":4},"end":{"line":208,"column":null}},"33":{"start":{"line":209,"column":4},"end":{"line":209,"column":null}},"34":{"start":{"line":211,"column":4},"end":{"line":214,"column":null}},"35":{"start":{"line":218,"column":4},"end":{"line":218,"column":null}},"36":{"start":{"line":219,"column":4},"end":{"line":219,"column":null}},"37":{"start":{"line":223,"column":4},"end":{"line":225,"column":null}},"38":{"start":{"line":224,"column":6},"end":{"line":224,"column":47}},"39":{"start":{"line":227,"column":4},"end":{"line":229,"column":null}},"40":{"start":{"line":228,"column":6},"end":{"line":228,"column":null}},"41":{"start":{"line":235,"column":4},"end":{"line":238,"column":null}},"42":{"start":{"line":242,"column":4},"end":{"line":245,"column":null}},"43":{"start":{"line":249,"column":4},"end":{"line":249,"column":null}},"44":{"start":{"line":249,"column":52},"end":{"line":249,"column":null}},"45":{"start":{"line":251,"column":31},"end":{"line":251,"column":null}},"46":{"start":{"line":257,"column":17},"end":{"line":257,"column":36}},"47":{"start":{"line":258,"column":25},"end":{"line":259,"column":null}},"48":{"start":{"line":259,"column":6},"end":{"line":259,"column":52}},"49":{"start":{"line":262,"column":6},"end":{"line":262,"column":76}},"50":{"start":{"line":263,"column":4},"end":{"line":263,"column":null}},"51":{"start":{"line":267,"column":4},"end":{"line":271,"column":null}},"52":{"start":{"line":275,"column":4},"end":{"line":275,"column":null}},"53":{"start":{"line":275,"column":44},"end":{"line":275,"column":null}},"54":{"start":{"line":277,"column":4},"end":{"line":278,"column":null}},"55":{"start":{"line":278,"column":6},"end":{"line":278,"column":null}},"56":{"start":{"line":280,"column":31},"end":{"line":280,"column":null}},"57":{"start":{"line":286,"column":17},"end":{"line":286,"column":36}},"58":{"start":{"line":287,"column":34},"end":{"line":287,"column":36}},"59":{"start":{"line":288,"column":4},"end":{"line":303,"column":null}},"60":{"start":{"line":289,"column":6},"end":{"line":302,"column":null}},"61":{"start":{"line":291,"column":10},"end":{"line":291,"column":null}},"62":{"start":{"line":292,"column":10},"end":{"line":292,"column":15}},"63":{"start":{"line":294,"column":10},"end":{"line":294,"column":null}},"64":{"start":{"line":295,"column":10},"end":{"line":295,"column":15}},"65":{"start":{"line":297,"column":10},"end":{"line":297,"column":null}},"66":{"start":{"line":298,"column":10},"end":{"line":298,"column":15}},"67":{"start":{"line":300,"column":10},"end":{"line":300,"column":null}},"68":{"start":{"line":301,"column":10},"end":{"line":301,"column":15}},"69":{"start":{"line":305,"column":4},"end":{"line":311,"column":null}},"70":{"start":{"line":310,"column":6},"end":{"line":310,"column":null}},"71":{"start":{"line":312,"column":4},"end":{"line":317,"column":null}},"72":{"start":{"line":316,"column":6},"end":{"line":316,"column":null}},"73":{"start":{"line":319,"column":4},"end":{"line":320,"column":null}},"74":{"start":{"line":320,"column":6},"end":{"line":320,"column":null}},"75":{"start":{"line":322,"column":4},"end":{"line":328,"column":null}},"76":{"start":{"line":332,"column":32},"end":{"line":332,"column":34}},"77":{"start":{"line":333,"column":14},"end":{"line":333,"column":16}},"78":{"start":{"line":335,"column":18},"end":{"line":335,"column":32}},"79":{"start":{"line":336,"column":4},"end":{"line":354,"column":null}},"80":{"start":{"line":337,"column":19},"end":{"line":337,"column":32}},"81":{"start":{"line":338,"column":6},"end":{"line":338,"column":35}},"82":{"start":{"line":338,"column":30},"end":{"line":338,"column":35}},"83":{"start":{"line":339,"column":6},"end":{"line":353,"column":null}},"84":{"start":{"line":340,"column":8},"end":{"line":340,"column":null}},"85":{"start":{"line":341,"column":8},"end":{"line":346,"column":null}},"86":{"start":{"line":342,"column":10},"end":{"line":342,"column":null}},"87":{"start":{"line":343,"column":10},"end":{"line":343,"column":null}},"88":{"start":{"line":345,"column":10},"end":{"line":345,"column":null}},"89":{"start":{"line":347,"column":13},"end":{"line":353,"column":null}},"90":{"start":{"line":348,"column":8},"end":{"line":348,"column":null}},"91":{"start":{"line":349,"column":13},"end":{"line":353,"column":null}},"92":{"start":{"line":350,"column":8},"end":{"line":350,"column":null}},"93":{"start":{"line":352,"column":8},"end":{"line":352,"column":null}},"94":{"start":{"line":356,"column":4},"end":{"line":356,"column":null}},"95":{"start":{"line":356,"column":13},"end":{"line":356,"column":null}},"96":{"start":{"line":358,"column":4},"end":{"line":360,"column":null}},"97":{"start":{"line":359,"column":6},"end":{"line":359,"column":null}},"98":{"start":{"line":362,"column":4},"end":{"line":362,"column":null}},"99":{"start":{"line":366,"column":4},"end":{"line":366,"column":null}},"100":{"start":{"line":370,"column":4},"end":{"line":370,"column":null}},"101":{"start":{"line":375,"column":4},"end":{"line":376,"column":null}},"102":{"start":{"line":376,"column":6},"end":{"line":376,"column":null}},"103":{"start":{"line":379,"column":4},"end":{"line":383,"column":null}},"104":{"start":{"line":383,"column":6},"end":{"line":383,"column":null}},"105":{"start":{"line":386,"column":4},"end":{"line":387,"column":null}},"106":{"start":{"line":387,"column":6},"end":{"line":387,"column":null}},"107":{"start":{"line":391,"column":4},"end":{"line":391,"column":null}},"108":{"start":{"line":397,"column":14},"end":{"line":397,"column":23}},"109":{"start":{"line":399,"column":4},"end":{"line":407,"column":null}},"110":{"start":{"line":400,"column":6},"end":{"line":400,"column":null}},"111":{"start":{"line":401,"column":9},"end":{"line":407,"column":null}},"112":{"start":{"line":402,"column":6},"end":{"line":405,"column":null}},"113":{"start":{"line":406,"column":6},"end":{"line":406,"column":null}},"114":{"start":{"line":409,"column":4},"end":{"line":415,"column":null}},"115":{"start":{"line":410,"column":6},"end":{"line":414,"column":null}},"116":{"start":{"line":417,"column":4},"end":{"line":417,"column":null}},"117":{"start":{"line":417,"column":34},"end":{"line":417,"column":null}},"118":{"start":{"line":419,"column":4},"end":{"line":419,"column":null}},"119":{"start":{"line":423,"column":24},"end":{"line":423,"column":70}},"120":{"start":{"line":425,"column":4},"end":{"line":428,"column":null}},"121":{"start":{"line":430,"column":4},"end":{"line":430,"column":36}},"122":{"start":{"line":430,"column":30},"end":{"line":430,"column":36}},"123":{"start":{"line":432,"column":30},"end":{"line":432,"column":69}},"124":{"start":{"line":433,"column":4},"end":{"line":433,"column":null}},"125":{"start":{"line":434,"column":4},"end":{"line":434,"column":null}},"126":{"start":{"line":436,"column":4},"end":{"line":443,"column":null}},"127":{"start":{"line":437,"column":6},"end":{"line":439,"column":null}},"128":{"start":{"line":438,"column":8},"end":{"line":438,"column":null}},"129":{"start":{"line":441,"column":6},"end":{"line":441,"column":null}},"130":{"start":{"line":442,"column":6},"end":{"line":442,"column":12}},"131":{"start":{"line":445,"column":4},"end":{"line":445,"column":null}},"132":{"start":{"line":446,"column":4},"end":{"line":448,"column":null}},"133":{"start":{"line":450,"column":4},"end":{"line":460,"column":null}},"134":{"start":{"line":454,"column":6},"end":{"line":456,"column":null}},"135":{"start":{"line":455,"column":8},"end":{"line":455,"column":null}},"136":{"start":{"line":457,"column":6},"end":{"line":457,"column":null}},"137":{"start":{"line":457,"column":51},"end":{"line":457,"column":73}},"138":{"start":{"line":458,"column":6},"end":{"line":458,"column":null}},"139":{"start":{"line":459,"column":6},"end":{"line":459,"column":12}},"140":{"start":{"line":462,"column":4},"end":{"line":468,"column":null}},"141":{"start":{"line":463,"column":6},"end":{"line":467,"column":null}},"142":{"start":{"line":464,"column":8},"end":{"line":464,"column":null}},"143":{"start":{"line":465,"column":8},"end":{"line":465,"column":null}},"144":{"start":{"line":466,"column":8},"end":{"line":466,"column":null}},"145":{"start":{"line":144,"column":0},"end":{"line":144,"column":21}}},"fnMap":{"0":{"name":"(anonymous_0)","decl":{"start":{"line":149,"column":2},"end":{"line":149,"column":14}},"loc":{"start":{"line":149,"column":63},"end":{"line":153,"column":3}}},"1":{"name":"(anonymous_1)","decl":{"start":{"line":150,"column":40},"end":{"line":150,"column":45}},"loc":{"start":{"line":150,"column":48},"end":{"line":152,"column":5}}},"2":{"name":"(anonymous_2)","decl":{"start":{"line":155,"column":2},"end":{"line":155,"column":6}},"loc":{"start":{"line":155,"column":24},"end":{"line":163,"column":3}}},"3":{"name":"(anonymous_3)","decl":{"start":{"line":165,"column":9},"end":{"line":165,"column":19}},"loc":{"start":{"line":168,"column":34},"end":{"line":195,"column":3}}},"4":{"name":"(anonymous_4)","decl":{"start":{"line":173,"column":24},"end":{"line":173,"column":35}},"loc":{"start":{"line":173,"column":38},"end":{"line":182,"column":5}}},"5":{"name":"(anonymous_5)","decl":{"start":{"line":197,"column":9},"end":{"line":197,"column":22}},"loc":{"start":{"line":197,"column":35},"end":{"line":215,"column":3}}},"6":{"name":"(anonymous_6)","decl":{"start":{"line":201,"column":24},"end":{"line":201,"column":35}},"loc":{"start":{"line":201,"column":38},"end":{"line":206,"column":5}}},"7":{"name":"(anonymous_7)","decl":{"start":{"line":217,"column":9},"end":{"line":217,"column":17}},"loc":{"start":{"line":217,"column":17},"end":{"line":220,"column":3}}},"8":{"name":"(anonymous_8)","decl":{"start":{"line":222,"column":10},"end":{"line":222,"column":26}},"loc":{"start":{"line":222,"column":48},"end":{"line":230,"column":3}}},"9":{"name":"(anonymous_9)","decl":{"start":{"line":223,"column":54},"end":{"line":223,"column":57}},"loc":{"start":{"line":224,"column":6},"end":{"line":224,"column":47}}},"10":{"name":"(anonymous_10)","decl":{"start":{"line":232,"column":10},"end":{"line":232,"column":29}},"loc":{"start":{"line":233,"column":20},"end":{"line":239,"column":3}}},"11":{"name":"(anonymous_11)","decl":{"start":{"line":241,"column":10},"end":{"line":241,"column":30}},"loc":{"start":{"line":241,"column":47},"end":{"line":246,"column":3}}},"12":{"name":"(anonymous_12)","decl":{"start":{"line":248,"column":10},"end":{"line":248,"column":31}},"loc":{"start":{"line":248,"column":48},"end":{"line":264,"column":3}}},"13":{"name":"(anonymous_13)","decl":{"start":{"line":258,"column":36},"end":{"line":258,"column":37}},"loc":{"start":{"line":259,"column":6},"end":{"line":259,"column":52}}},"14":{"name":"(anonymous_14)","decl":{"start":{"line":266,"column":10},"end":{"line":266,"column":23}},"loc":{"start":{"line":266,"column":40},"end":{"line":272,"column":3}}},"15":{"name":"(anonymous_15)","decl":{"start":{"line":274,"column":10},"end":{"line":274,"column":30}},"loc":{"start":{"line":274,"column":52},"end":{"line":329,"column":3}}},"16":{"name":"(anonymous_16)","decl":{"start":{"line":288,"column":17},"end":{"line":288,"column":18}},"loc":{"start":{"line":288,"column":21},"end":{"line":303,"column":5}}},"17":{"name":"(anonymous_17)","decl":{"start":{"line":331,"column":10},"end":{"line":331,"column":19}},"loc":{"start":{"line":331,"column":32},"end":{"line":363,"column":3}}},"18":{"name":"(anonymous_18)","decl":{"start":{"line":365,"column":10},"end":{"line":365,"column":25}},"loc":{"start":{"line":365,"column":46},"end":{"line":367,"column":3}}},"19":{"name":"(anonymous_19)","decl":{"start":{"line":369,"column":10},"end":{"line":369,"column":26}},"loc":{"start":{"line":369,"column":47},"end":{"line":371,"column":3}}},"20":{"name":"(anonymous_20)","decl":{"start":{"line":373,"column":10},"end":{"line":373,"column":41}},"loc":{"start":{"line":373,"column":62},"end":{"line":392,"column":3}}},"21":{"name":"(anonymous_21)","decl":{"start":{"line":394,"column":10},"end":{"line":394,"column":44}},"loc":{"start":{"line":395,"column":24},"end":{"line":420,"column":3}}},"22":{"name":"(anonymous_22)","decl":{"start":{"line":422,"column":10},"end":{"line":422,"column":23}},"loc":{"start":{"line":422,"column":44},"end":{"line":469,"column":3}}},"23":{"name":"(anonymous_23)","decl":{"start":{"line":438,"column":48},"end":{"line":438,"column":51}},"loc":{"start":{"line":438,"column":53},"end":{"line":438,"column":56}}},"24":{"name":"(anonymous_24)","decl":{"start":{"line":457,"column":45},"end":{"line":457,"column":48}},"loc":{"start":{"line":457,"column":51},"end":{"line":457,"column":73}}},"25":{"name":"(anonymous_25)","decl":{"start":{"line":463,"column":45},"end":{"line":463,"column":48}},"loc":{"start":{"line":463,"column":50},"end":{"line":467,"column":7}}},"26":{"name":"(anonymous_26)","decl":{"start":{"line":464,"column":48},"end":{"line":464,"column":51}},"loc":{"start":{"line":464,"column":53},"end":{"line":464,"column":56}}}},"branchMap":{"0":{"loc":{"start":{"line":149,"column":14},"end":{"line":149,"column":63}},"type":"default-arg","locations":[{"start":{"line":149,"column":57},"end":{"line":149,"column":63}}]},"1":{"loc":{"start":{"line":151,"column":6},"end":{"line":151,"column":null}},"type":"if","locations":[{"start":{"line":151,"column":6},"end":{"line":151,"column":null}}]},"2":{"loc":{"start":{"line":159,"column":15},"end":{"line":159,"column":29}},"type":"binary-expr","locations":[{"start":{"line":159,"column":15},"end":{"line":159,"column":23}},{"start":{"line":159,"column":27},"end":{"line":159,"column":29}}]},"3":{"loc":{"start":{"line":168,"column":4},"end":{"line":168,"column":34}},"type":"default-arg","locations":[{"start":{"line":168,"column":32},"end":{"line":168,"column":34}}]},"4":{"loc":{"start":{"line":168,"column":6},"end":{"line":168,"column":27}},"type":"default-arg","locations":[{"start":{"line":168,"column":23},"end":{"line":168,"column":27}}]},"5":{"loc":{"start":{"line":174,"column":6},"end":{"line":180,"column":null}},"type":"if","locations":[{"start":{"line":174,"column":6},"end":{"line":180,"column":null}}]},"6":{"loc":{"start":{"line":184,"column":4},"end":{"line":184,"column":null}},"type":"if","locations":[{"start":{"line":184,"column":4},"end":{"line":184,"column":null}}]},"7":{"loc":{"start":{"line":202,"column":6},"end":{"line":204,"column":null}},"type":"if","locations":[{"start":{"line":202,"column":6},"end":{"line":204,"column":null}}]},"8":{"loc":{"start":{"line":227,"column":4},"end":{"line":229,"column":null}},"type":"if","locations":[{"start":{"line":227,"column":4},"end":{"line":229,"column":null}}]},"9":{"loc":{"start":{"line":227,"column":8},"end":{"line":227,"column":73}},"type":"binary-expr","locations":[{"start":{"line":227,"column":8},"end":{"line":227,"column":16}},{"start":{"line":227,"column":20},"end":{"line":227,"column":31}},{"start":{"line":227,"column":35},"end":{"line":227,"column":47}},{"start":{"line":227,"column":51},"end":{"line":227,"column":73}}]},"10":{"loc":{"start":{"line":236,"column":6},"end":{"line":237,"column":45}},"type":"binary-expr","locations":[{"start":{"line":236,"column":6},"end":{"line":236,"column":57}},{"start":{"line":237,"column":6},"end":{"line":237,"column":45}}]},"11":{"loc":{"start":{"line":243,"column":6},"end":{"line":244,"column":75}},"type":"binary-expr","locations":[{"start":{"line":243,"column":6},"end":{"line":243,"column":36}},{"start":{"line":244,"column":6},"end":{"line":244,"column":75}}]},"12":{"loc":{"start":{"line":249,"column":4},"end":{"line":249,"column":null}},"type":"if","locations":[{"start":{"line":249,"column":4},"end":{"line":249,"column":null}}]},"13":{"loc":{"start":{"line":262,"column":6},"end":{"line":262,"column":76}},"type":"binary-expr","locations":[{"start":{"line":262,"column":6},"end":{"line":262,"column":35}},{"start":{"line":262,"column":39},"end":{"line":262,"column":76}}]},"14":{"loc":{"start":{"line":263,"column":11},"end":{"line":263,"column":37}},"type":"binary-expr","locations":[{"start":{"line":263,"column":11},"end":{"line":263,"column":23}},{"start":{"line":263,"column":27},"end":{"line":263,"column":37}}]},"15":{"loc":{"start":{"line":268,"column":6},"end":{"line":270,"column":42}},"type":"binary-expr","locations":[{"start":{"line":268,"column":6},"end":{"line":268,"column":40}},{"start":{"line":269,"column":6},"end":{"line":269,"column":41}},{"start":{"line":270,"column":6},"end":{"line":270,"column":42}}]},"16":{"loc":{"start":{"line":275,"column":4},"end":{"line":275,"column":null}},"type":"if","locations":[{"start":{"line":275,"column":4},"end":{"line":275,"column":null}}]},"17":{"loc":{"start":{"line":277,"column":4},"end":{"line":278,"column":null}},"type":"if","locations":[{"start":{"line":277,"column":4},"end":{"line":278,"column":null}}]},"18":{"loc":{"start":{"line":289,"column":6},"end":{"line":302,"column":null}},"type":"switch","locations":[{"start":{"line":290,"column":8},"end":{"line":292,"column":15}},{"start":{"line":293,"column":8},"end":{"line":295,"column":15}},{"start":{"line":296,"column":8},"end":{"line":298,"column":15}},{"start":{"line":299,"column":8},"end":{"line":301,"column":15}}]},"19":{"loc":{"start":{"line":305,"column":4},"end":{"line":311,"column":null}},"type":"if","locations":[{"start":{"line":305,"column":4},"end":{"line":311,"column":null}}]},"20":{"loc":{"start":{"line":306,"column":6},"end":{"line":308,"column":46}},"type":"binary-expr","locations":[{"start":{"line":306,"column":6},"end":{"line":306,"column":52}},{"start":{"line":307,"column":6},"end":{"line":307,"column":28}},{"start":{"line":308,"column":6},"end":{"line":308,"column":46}}]},"21":{"loc":{"start":{"line":312,"column":4},"end":{"line":317,"column":null}},"type":"if","locations":[{"start":{"line":312,"column":4},"end":{"line":317,"column":null}}]},"22":{"loc":{"start":{"line":313,"column":6},"end":{"line":314,"column":31}},"type":"binary-expr","locations":[{"start":{"line":313,"column":6},"end":{"line":313,"column":52}},{"start":{"line":314,"column":6},"end":{"line":314,"column":31}}]},"23":{"loc":{"start":{"line":319,"column":4},"end":{"line":320,"column":null}},"type":"if","locations":[{"start":{"line":319,"column":4},"end":{"line":320,"column":null}}]},"24":{"loc":{"start":{"line":319,"column":8},"end":{"line":319,"column":68}},"type":"binary-expr","locations":[{"start":{"line":319,"column":8},"end":{"line":319,"column":42}},{"start":{"line":319,"column":46},"end":{"line":319,"column":68}}]},"25":{"loc":{"start":{"line":323,"column":6},"end":{"line":327,"column":null}},"type":"cond-expr","locations":[{"start":{"line":324,"column":10},"end":{"line":326,"column":29}},{"start":{"line":327,"column":10},"end":{"line":327,"column":null}}]},"26":{"loc":{"start":{"line":324,"column":10},"end":{"line":326,"column":29}},"type":"cond-expr","locations":[{"start":{"line":325,"column":12},"end":{"line":325,"column":29}},{"start":{"line":326,"column":12},"end":{"line":326,"column":29}}]},"27":{"loc":{"start":{"line":338,"column":6},"end":{"line":338,"column":35}},"type":"if","locations":[{"start":{"line":338,"column":6},"end":{"line":338,"column":35}}]},"28":{"loc":{"start":{"line":339,"column":6},"end":{"line":353,"column":null}},"type":"if","locations":[{"start":{"line":339,"column":6},"end":{"line":353,"column":null}},{"start":{"line":347,"column":13},"end":{"line":353,"column":null}}]},"29":{"loc":{"start":{"line":341,"column":8},"end":{"line":346,"column":null}},"type":"if","locations":[{"start":{"line":341,"column":8},"end":{"line":346,"column":null}},{"start":{"line":344,"column":15},"end":{"line":346,"column":null}}]},"30":{"loc":{"start":{"line":347,"column":13},"end":{"line":353,"column":null}},"type":"if","locations":[{"start":{"line":347,"column":13},"end":{"line":353,"column":null}},{"start":{"line":349,"column":13},"end":{"line":353,"column":null}}]},"31":{"loc":{"start":{"line":347,"column":17},"end":{"line":347,"column":43}},"type":"binary-expr","locations":[{"start":{"line":347,"column":17},"end":{"line":347,"column":27}},{"start":{"line":347,"column":31},"end":{"line":347,"column":43}}]},"32":{"loc":{"start":{"line":349,"column":13},"end":{"line":353,"column":null}},"type":"if","locations":[{"start":{"line":349,"column":13},"end":{"line":353,"column":null}},{"start":{"line":351,"column":13},"end":{"line":353,"column":null}}]},"33":{"loc":{"start":{"line":356,"column":4},"end":{"line":356,"column":null}},"type":"if","locations":[{"start":{"line":356,"column":4},"end":{"line":356,"column":null}}]},"34":{"loc":{"start":{"line":358,"column":4},"end":{"line":360,"column":null}},"type":"if","locations":[{"start":{"line":358,"column":4},"end":{"line":360,"column":null}}]},"35":{"loc":{"start":{"line":366,"column":11},"end":{"line":366,"column":78}},"type":"binary-expr","locations":[{"start":{"line":366,"column":11},"end":{"line":366,"column":24}},{"start":{"line":366,"column":28},"end":{"line":366,"column":43}},{"start":{"line":366,"column":47},"end":{"line":366,"column":60}},{"start":{"line":366,"column":64},"end":{"line":366,"column":78}}]},"36":{"loc":{"start":{"line":370,"column":11},"end":{"line":370,"column":78}},"type":"binary-expr","locations":[{"start":{"line":370,"column":11},"end":{"line":370,"column":25}},{"start":{"line":370,"column":29},"end":{"line":370,"column":43}},{"start":{"line":370,"column":47},"end":{"line":370,"column":60}},{"start":{"line":370,"column":64},"end":{"line":370,"column":78}}]},"37":{"loc":{"start":{"line":375,"column":4},"end":{"line":376,"column":null}},"type":"if","locations":[{"start":{"line":375,"column":4},"end":{"line":376,"column":null}}]},"38":{"loc":{"start":{"line":379,"column":4},"end":{"line":383,"column":null}},"type":"if","locations":[{"start":{"line":379,"column":4},"end":{"line":383,"column":null}}]},"39":{"loc":{"start":{"line":380,"column":6},"end":{"line":381,"column":43}},"type":"binary-expr","locations":[{"start":{"line":380,"column":6},"end":{"line":380,"column":58}},{"start":{"line":381,"column":6},"end":{"line":381,"column":43}}]},"40":{"loc":{"start":{"line":386,"column":4},"end":{"line":387,"column":null}},"type":"if","locations":[{"start":{"line":386,"column":4},"end":{"line":387,"column":null}}]},"41":{"loc":{"start":{"line":386,"column":8},"end":{"line":386,"column":46}},"type":"binary-expr","locations":[{"start":{"line":386,"column":8},"end":{"line":386,"column":25}},{"start":{"line":386,"column":29},"end":{"line":386,"column":46}}]},"42":{"loc":{"start":{"line":391,"column":11},"end":{"line":391,"column":75}},"type":"binary-expr","locations":[{"start":{"line":391,"column":11},"end":{"line":391,"column":24}},{"start":{"line":391,"column":28},"end":{"line":391,"column":42}},{"start":{"line":391,"column":46},"end":{"line":391,"column":58}},{"start":{"line":391,"column":62},"end":{"line":391,"column":75}}]},"43":{"loc":{"start":{"line":399,"column":4},"end":{"line":407,"column":null}},"type":"if","locations":[{"start":{"line":399,"column":4},"end":{"line":407,"column":null}},{"start":{"line":401,"column":9},"end":{"line":407,"column":null}}]},"44":{"loc":{"start":{"line":401,"column":9},"end":{"line":407,"column":null}},"type":"if","locations":[{"start":{"line":401,"column":9},"end":{"line":407,"column":null}}]},"45":{"loc":{"start":{"line":409,"column":4},"end":{"line":415,"column":null}},"type":"if","locations":[{"start":{"line":409,"column":4},"end":{"line":415,"column":null}}]},"46":{"loc":{"start":{"line":410,"column":16},"end":{"line":410,"column":40}},"type":"cond-expr","locations":[{"start":{"line":410,"column":32},"end":{"line":410,"column":35}},{"start":{"line":410,"column":38},"end":{"line":410,"column":40}}]},"47":{"loc":{"start":{"line":410,"column":43},"end":{"line":410,"column":68}},"type":"cond-expr","locations":[{"start":{"line":410,"column":60},"end":{"line":410,"column":63}},{"start":{"line":410,"column":66},"end":{"line":410,"column":68}}]},"48":{"loc":{"start":{"line":411,"column":8},"end":{"line":411,"column":null}},"type":"cond-expr","locations":[{"start":{"line":411,"column":23},"end":{"line":411,"column":26}},{"start":{"line":411,"column":29},"end":{"line":411,"column":null}}]},"49":{"loc":{"start":{"line":412,"column":9},"end":{"line":412,"column":33}},"type":"cond-expr","locations":[{"start":{"line":412,"column":25},"end":{"line":412,"column":28}},{"start":{"line":412,"column":31},"end":{"line":412,"column":33}}]},"50":{"loc":{"start":{"line":413,"column":8},"end":{"line":413,"column":null}},"type":"cond-expr","locations":[{"start":{"line":413,"column":41},"end":{"line":413,"column":71}},{"start":{"line":413,"column":74},"end":{"line":413,"column":null}}]},"51":{"loc":{"start":{"line":417,"column":4},"end":{"line":417,"column":null}},"type":"if","locations":[{"start":{"line":417,"column":4},"end":{"line":417,"column":null}}]},"52":{"loc":{"start":{"line":430,"column":4},"end":{"line":430,"column":36}},"type":"if","locations":[{"start":{"line":430,"column":4},"end":{"line":430,"column":36}}]},"53":{"loc":{"start":{"line":436,"column":4},"end":{"line":443,"column":null}},"type":"if","locations":[{"start":{"line":436,"column":4},"end":{"line":443,"column":null}}]},"54":{"loc":{"start":{"line":437,"column":6},"end":{"line":439,"column":null}},"type":"if","locations":[{"start":{"line":437,"column":6},"end":{"line":439,"column":null}}]},"55":{"loc":{"start":{"line":437,"column":10},"end":{"line":437,"column":53}},"type":"binary-expr","locations":[{"start":{"line":437,"column":10},"end":{"line":437,"column":27}},{"start":{"line":437,"column":31},"end":{"line":437,"column":53}}]},"56":{"loc":{"start":{"line":438,"column":8},"end":{"line":438,"column":57}},"type":"cond-expr","locations":[{"start":{"line":438,"column":38},"end":{"line":438,"column":40}},{"start":{"line":438,"column":38},"end":{"line":438,"column":57}}]},"57":{"loc":{"start":{"line":438,"column":8},"end":{"line":438,"column":40}},"type":"binary-expr","locations":[{"start":{"line":438,"column":8},"end":{"line":438,"column":40}},{"start":{"line":438,"column":38},"end":{"line":438,"column":40}}]},"58":{"loc":{"start":{"line":450,"column":4},"end":{"line":460,"column":null}},"type":"if","locations":[{"start":{"line":450,"column":4},"end":{"line":460,"column":null}}]},"59":{"loc":{"start":{"line":451,"column":6},"end":{"line":452,"column":36}},"type":"binary-expr","locations":[{"start":{"line":451,"column":6},"end":{"line":451,"column":47}},{"start":{"line":452,"column":6},"end":{"line":452,"column":36}}]},"60":{"loc":{"start":{"line":454,"column":6},"end":{"line":456,"column":null}},"type":"if","locations":[{"start":{"line":454,"column":6},"end":{"line":456,"column":null}}]},"61":{"loc":{"start":{"line":462,"column":4},"end":{"line":468,"column":null}},"type":"if","locations":[{"start":{"line":462,"column":4},"end":{"line":468,"column":null}}]},"62":{"loc":{"start":{"line":464,"column":8},"end":{"line":464,"column":57}},"type":"cond-expr","locations":[{"start":{"line":464,"column":38},"end":{"line":464,"column":40}},{"start":{"line":464,"column":38},"end":{"line":464,"column":57}}]},"63":{"loc":{"start":{"line":464,"column":8},"end":{"line":464,"column":40}},"type":"binary-expr","locations":[{"start":{"line":464,"column":8},"end":{"line":464,"column":40}},{"start":{"line":464,"column":38},"end":{"line":464,"column":40}}]}},"s":{"0":1,"1":1,"2":1,"3":1,"4":1,"5":1,"6":1,"7":1,"8":40,"9":40,"10":30,"11":30,"12":30,"13":38,"14":38,"15":30,"16":36,"17":29,"18":29,"19":38,"20":35,"21":38,"22":29,"23":0,"24":29,"25":29,"26":0,"27":0,"28":0,"29":0,"30":0,"31":0,"32":0,"33":0,"34":0,"35":29,"36":29,"37":0,"38":0,"39":0,"40":0,"41":149,"42":97,"43":33,"44":3,"45":30,"46":30,"47":30,"48":37,"49":30,"50":30,"51":82,"52":23,"53":0,"54":23,"55":5,"56":18,"57":18,"58":18,"59":18,"60":21,"61":6,"62":6,"63":5,"64":5,"65":5,"66":5,"67":5,"68":5,"69":18,"70":1,"71":17,"72":1,"73":17,"74":3,"75":14,"76":36,"77":36,"78":36,"79":36,"80":149,"81":149,"82":0,"83":149,"84":24,"85":24,"86":23,"87":20,"88":1,"89":125,"90":106,"91":19,"92":18,"93":1,"94":31,"95":1,"96":30,"97":1,"98":29,"99":8,"100":16,"101":39,"102":8,"103":31,"104":4,"105":27,"106":12,"107":15,"108":40,"109":40,"110":16,"111":24,"112":1,"113":1,"114":39,"115":12,"116":39,"117":1,"118":38,"119":40,"120":40,"121":40,"122":2,"123":38,"124":38,"125":38,"126":38,"127":8,"128":1,"129":8,"130":8,"131":30,"132":30,"133":30,"134":21,"135":21,"136":21,"137":0,"138":21,"139":21,"140":9,"141":3,"142":1,"143":1,"144":1,"145":1},"f":{"0":1,"1":40,"2":30,"3":36,"4":38,"5":0,"6":0,"7":29,"8":0,"9":0,"10":149,"11":97,"12":33,"13":37,"14":82,"15":23,"16":21,"17":36,"18":8,"19":16,"20":39,"21":40,"22":40,"23":0,"24":0,"25":1,"26":0},"b":{"0":[0],"1":[40],"2":[38,0],"3":[36],"4":[36],"5":[35],"6":[0],"7":[0],"8":[0],"9":[0,0,0,0],"10":[149,110],"11":[97,40],"12":[3],"13":[30,14],"14":[30,30],"15":[82,48,33],"16":[0],"17":[5],"18":[6,5,5,5],"19":[1],"20":[18,6,2],"21":[1],"22":[17,5],"23":[3],"24":[17,4],"25":[6,8],"26":[2,4],"27":[0],"28":[24,125],"29":[23,1],"30":[106,19],"31":[125,43],"32":[18,1],"33":[1],"34":[1],"35":[8,1,1,1],"36":[16,10,8,8],"37":[8],"38":[4],"39":[31,14],"40":[12],"41":[27,21],"42":[15,14,14,13],"43":[16,24],"44":[1],"45":[12],"46":[6,6],"47":[2,10],"48":[4,8],"49":[4,8],"50":[6,6],"51":[1],"52":[2],"53":[8],"54":[1],"55":[8,1],"56":[0,1],"57":[1,1],"58":[21],"59":[30,21],"60":[21],"61":[3],"62":[0,1],"63":[1,1]}}
,"/home/otard/dev/personal/prun-palette/src/utils/object.ts": {"path":"/home/otard/dev/personal/prun-palette/src/utils/object.ts","statementMap":{"0":{"start":{"line":20,"column":2},"end":{"line":20,"column":null}},"1":{"start":{"line":19,"column":0},"end":{"line":19,"column":16}}},"fnMap":{"0":{"name":"isEmpty","decl":{"start":{"line":19,"column":16},"end":{"line":19,"column":23}},"loc":{"start":{"line":19,"column":37},"end":{"line":21,"column":1}}}},"branchMap":{},"s":{"0":30,"1":1},"f":{"0":30},"b":{}}
}
