TN:
SF:src/keybinds.ts
FN:143,(anonymous_0)
FN:144,(anonymous_1)
FN:149,(anonymous_2)
FN:159,(anonymous_3)
FN:167,(anonymous_4)
FN:191,(anonymous_5)
FN:195,(anonymous_6)
FN:211,(anonymous_7)
FN:216,(anonymous_8)
FN:217,(anonymous_9)
FN:226,(anonymous_10)
FN:235,(anonymous_11)
FN:242,(anonymous_12)
FN:252,(anonymous_13)
FN:260,(anonymous_14)
FN:268,(anonymous_15)
FN:282,(anonymous_16)
FN:325,(anonymous_17)
FN:359,(anonymous_18)
FN:363,(anonymous_19)
FN:367,(anonymous_20)
FN:388,(anonymous_21)
FN:416,(anonymous_22)
FN:432,(anonymous_23)
FN:451,(anonymous_24)
FN:457,(anonymous_25)
FN:458,(anonymous_26)
FNF:27
FNH:20
FNDA:1,(anonymous_0)
FNDA:27,(anonymous_1)
FNDA:22,(anonymous_2)
FNDA:23,(anonymous_3)
FNDA:28,(anonymous_4)
FNDA:0,(anonymous_5)
FNDA:0,(anonymous_6)
FNDA:21,(anonymous_7)
FNDA:0,(anonymous_8)
FNDA:0,(anonymous_9)
FNDA:92,(anonymous_10)
FNDA:42,(anonymous_11)
FNDA:16,(anonymous_12)
FNDA:23,(anonymous_13)
FNDA:57,(anonymous_14)
FNDA:13,(anonymous_15)
FNDA:13,(anonymous_16)
FNDA:23,(anonymous_17)
FNDA:8,(anonymous_18)
FNDA:4,(anonymous_19)
FNDA:26,(anonymous_20)
FNDA:27,(anonymous_21)
FNDA:27,(anonymous_22)
FNDA:0,(anonymous_23)
FNDA:0,(anonymous_24)
FNDA:1,(anonymous_25)
FNDA:0,(anonymous_26)
DA:20,1
DA:23,1
DA:52,1
DA:71,1
DA:91,1
DA:138,1
DA:139,1
DA:140,1
DA:144,1
DA:145,27
DA:150,22
DA:151,22
DA:152,22
DA:153,29
DA:154,29
DA:156,22
DA:164,23
DA:166,20
DA:167,20
DA:168,28
DA:169,25
DA:175,28
DA:178,20
DA:180,20
DA:185,20
DA:192,0
DA:194,0
DA:195,0
DA:196,0
DA:197,0
DA:199,0
DA:202,0
DA:203,0
DA:205,0
DA:212,21
DA:213,21
DA:217,0
DA:218,0
DA:221,0
DA:222,0
DA:229,92
DA:236,42
DA:243,16
DA:245,16
DA:251,16
DA:252,16
DA:253,23
DA:256,16
DA:257,16
DA:261,57
DA:269,13
DA:271,13
DA:272,3
DA:274,10
DA:280,10
DA:281,10
DA:282,10
DA:283,13
DA:285,4
DA:286,4
DA:288,3
DA:289,3
DA:291,3
DA:292,3
DA:294,3
DA:295,3
DA:299,10
DA:304,1
DA:306,9
DA:310,1
DA:313,9
DA:314,3
DA:316,6
DA:326,23
DA:327,23
DA:329,23
DA:330,23
DA:331,90
DA:332,90
DA:333,90
DA:334,13
DA:335,13
DA:336,13
DA:337,10
DA:339,0
DA:341,77
DA:342,59
DA:343,18
DA:344,18
DA:346,0
DA:350,20
DA:352,20
DA:353,0
DA:356,20
DA:360,8
DA:364,4
DA:369,26
DA:370,8
DA:373,18
DA:377,4
DA:380,14
DA:381,0
DA:385,14
DA:391,27
DA:393,27
DA:394,4
DA:395,23
DA:396,1
DA:400,1
DA:403,26
DA:404,6
DA:411,26
DA:413,26
DA:417,27
DA:419,27
DA:424,27
DA:426,26
DA:427,26
DA:428,26
DA:430,26
DA:431,4
DA:432,1
DA:435,4
DA:436,4
DA:439,22
DA:440,22
DA:444,22
DA:448,14
DA:449,14
DA:451,14
DA:452,14
DA:453,14
DA:456,8
DA:457,3
DA:458,1
DA:459,1
DA:460,1
LF:137
LH:120
BRDA:143,0,0,0
BRDA:145,1,0,27
BRDA:153,2,0,29
BRDA:153,2,1,0
BRDA:162,3,0,23
BRDA:162,4,0,23
BRDA:168,5,0,25
BRDA:178,6,0,0
BRDA:196,7,0,0
BRDA:221,8,0,0
BRDA:221,9,0,0
BRDA:221,9,1,0
BRDA:221,9,2,0
BRDA:221,9,3,0
BRDA:230,10,0,92
BRDA:230,10,1,53
BRDA:237,11,0,42
BRDA:237,11,1,10
BRDA:243,12,0,0
BRDA:256,13,0,16
BRDA:256,13,1,0
BRDA:257,14,0,16
BRDA:257,14,1,16
BRDA:262,15,0,57
BRDA:262,15,1,23
BRDA:262,15,2,16
BRDA:269,16,0,0
BRDA:271,17,0,3
BRDA:283,18,0,4
BRDA:283,18,1,3
BRDA:283,18,2,3
BRDA:283,18,3,3
BRDA:299,19,0,1
BRDA:300,20,0,10
BRDA:300,20,1,6
BRDA:300,20,2,2
BRDA:306,21,0,1
BRDA:307,22,0,9
BRDA:307,22,1,5
BRDA:313,23,0,3
BRDA:313,24,0,9
BRDA:313,24,1,4
BRDA:317,25,0,6
BRDA:317,25,1,0
BRDA:318,26,0,2
BRDA:318,26,1,4
BRDA:332,27,0,0
BRDA:333,28,0,13
BRDA:333,28,1,77
BRDA:335,29,0,13
BRDA:335,29,1,0
BRDA:341,30,0,59
BRDA:341,30,1,18
BRDA:341,31,0,77
BRDA:341,31,1,31
BRDA:343,32,0,18
BRDA:343,32,1,0
BRDA:350,33,0,0
BRDA:352,34,0,0
BRDA:360,35,0,8
BRDA:360,35,1,1
BRDA:360,35,2,1
BRDA:360,35,3,1
BRDA:364,36,0,4
BRDA:364,36,1,4
BRDA:364,36,2,2
BRDA:364,36,3,2
BRDA:369,37,0,8
BRDA:373,38,0,4
BRDA:374,39,0,18
BRDA:374,39,1,14
BRDA:380,40,0,0
BRDA:380,41,0,14
BRDA:380,41,1,14
BRDA:385,42,0,14
BRDA:385,42,1,13
BRDA:385,42,2,13
BRDA:385,42,3,12
BRDA:393,43,0,4
BRDA:393,43,1,23
BRDA:395,44,0,1
BRDA:403,45,0,6
BRDA:404,46,0,4
BRDA:404,46,1,2
BRDA:404,47,0,2
BRDA:404,47,1,4
BRDA:405,48,0,2
BRDA:405,48,1,4
BRDA:406,49,0,2
BRDA:406,49,1,4
BRDA:407,50,0,0
BRDA:407,50,1,6
BRDA:411,51,0,0
BRDA:424,52,0,1
BRDA:430,53,0,4
BRDA:431,54,0,1
BRDA:431,55,0,4
BRDA:431,55,1,1
BRDA:432,56,0,0
BRDA:432,56,1,1
BRDA:432,57,0,1
BRDA:432,57,1,1
BRDA:444,58,0,14
BRDA:445,59,0,22
BRDA:445,59,1,14
BRDA:448,60,0,14
BRDA:456,61,0,3
BRDA:458,62,0,0
BRDA:458,62,1,1
BRDA:458,63,0,1
BRDA:458,63,1,1
BRF:111
BRH:88
end_of_record
TN:
SF:src/utils/object.ts
FN:19,isEmpty
FNF:1
FNH:1
FNDA:22,isEmpty
DA:19,1
DA:20,22
LF:2
LH:2
BRF:0
BRH:0
end_of_record
