TN:
SF:src/keybinds.ts
FN:149,(anonymous_0)
FN:150,(anonymous_1)
FN:155,(anonymous_2)
FN:165,(anonymous_3)
FN:173,(anonymous_4)
FN:197,(anonymous_5)
FN:201,(anonymous_6)
FN:217,(anonymous_7)
FN:222,(anonymous_8)
FN:223,(anonymous_9)
FN:232,(anonymous_10)
FN:241,(anonymous_11)
FN:248,(anonymous_12)
FN:258,(anonymous_13)
FN:266,(anonymous_14)
FN:274,(anonymous_15)
FN:288,(anonymous_16)
FN:331,(anonymous_17)
FN:365,(anonymous_18)
FN:369,(anonymous_19)
FN:373,(anonymous_20)
FN:394,(anonymous_21)
FN:422,(anonymous_22)
FN:438,(anonymous_23)
FN:457,(anonymous_24)
FN:463,(anonymous_25)
FN:464,(anonymous_26)
FNF:27
FNH:20
FNDA:1,(anonymous_0)
FNDA:40,(anonymous_1)
FNDA:30,(anonymous_2)
FNDA:36,(anonymous_3)
FNDA:38,(anonymous_4)
FNDA:0,(anonymous_5)
FNDA:0,(anonymous_6)
FNDA:29,(anonymous_7)
FNDA:0,(anonymous_8)
FNDA:0,(anonymous_9)
FNDA:149,(anonymous_10)
FNDA:97,(anonymous_11)
FNDA:33,(anonymous_12)
FNDA:37,(anonymous_13)
FNDA:82,(anonymous_14)
FNDA:23,(anonymous_15)
FNDA:21,(anonymous_16)
FNDA:36,(anonymous_17)
FNDA:8,(anonymous_18)
FNDA:16,(anonymous_19)
FNDA:39,(anonymous_20)
FNDA:40,(anonymous_21)
FNDA:40,(anonymous_22)
FNDA:0,(anonymous_23)
FNDA:0,(anonymous_24)
FNDA:1,(anonymous_25)
FNDA:0,(anonymous_26)
DA:20,1
DA:23,1
DA:52,1
DA:77,1
DA:97,1
DA:144,1
DA:145,1
DA:146,1
DA:150,1
DA:151,40
DA:156,30
DA:157,30
DA:158,30
DA:159,38
DA:160,38
DA:162,30
DA:170,36
DA:172,29
DA:173,29
DA:174,38
DA:175,35
DA:181,38
DA:184,29
DA:186,29
DA:191,29
DA:198,0
DA:200,0
DA:201,0
DA:202,0
DA:203,0
DA:205,0
DA:208,0
DA:209,0
DA:211,0
DA:218,29
DA:219,29
DA:223,0
DA:224,0
DA:227,0
DA:228,0
DA:235,149
DA:242,97
DA:249,33
DA:251,30
DA:257,30
DA:258,30
DA:259,37
DA:262,30
DA:263,30
DA:267,82
DA:275,23
DA:277,23
DA:278,5
DA:280,18
DA:286,18
DA:287,18
DA:288,18
DA:289,21
DA:291,6
DA:292,6
DA:294,5
DA:295,5
DA:297,5
DA:298,5
DA:300,5
DA:301,5
DA:305,18
DA:310,1
DA:312,17
DA:316,1
DA:319,17
DA:320,3
DA:322,14
DA:332,36
DA:333,36
DA:335,36
DA:336,36
DA:337,149
DA:338,149
DA:339,149
DA:340,24
DA:341,24
DA:342,23
DA:343,20
DA:345,1
DA:347,125
DA:348,106
DA:349,19
DA:350,18
DA:352,1
DA:356,31
DA:358,30
DA:359,1
DA:362,29
DA:366,8
DA:370,16
DA:375,39
DA:376,8
DA:379,31
DA:383,4
DA:386,27
DA:387,12
DA:391,15
DA:397,40
DA:399,40
DA:400,16
DA:401,24
DA:402,1
DA:406,1
DA:409,39
DA:410,12
DA:417,39
DA:419,38
DA:423,40
DA:425,40
DA:430,40
DA:432,38
DA:433,38
DA:434,38
DA:436,38
DA:437,8
DA:438,1
DA:441,8
DA:442,8
DA:445,30
DA:446,30
DA:450,30
DA:454,21
DA:455,21
DA:457,21
DA:458,21
DA:459,21
DA:462,9
DA:463,3
DA:464,1
DA:465,1
DA:466,1
LF:137
LH:124
BRDA:149,0,0,0
BRDA:151,1,0,40
BRDA:159,2,0,38
BRDA:159,2,1,0
BRDA:168,3,0,36
BRDA:168,4,0,36
BRDA:174,5,0,35
BRDA:184,6,0,0
BRDA:202,7,0,0
BRDA:227,8,0,0
BRDA:227,9,0,0
BRDA:227,9,1,0
BRDA:227,9,2,0
BRDA:227,9,3,0
BRDA:236,10,0,149
BRDA:236,10,1,110
BRDA:243,11,0,97
BRDA:243,11,1,40
BRDA:249,12,0,3
BRDA:262,13,0,30
BRDA:262,13,1,14
BRDA:263,14,0,30
BRDA:263,14,1,30
BRDA:268,15,0,82
BRDA:268,15,1,48
BRDA:268,15,2,33
BRDA:275,16,0,0
BRDA:277,17,0,5
BRDA:289,18,0,6
BRDA:289,18,1,5
BRDA:289,18,2,5
BRDA:289,18,3,5
BRDA:305,19,0,1
BRDA:306,20,0,18
BRDA:306,20,1,6
BRDA:306,20,2,2
BRDA:312,21,0,1
BRDA:313,22,0,17
BRDA:313,22,1,5
BRDA:319,23,0,3
BRDA:319,24,0,17
BRDA:319,24,1,4
BRDA:323,25,0,6
BRDA:323,25,1,8
BRDA:324,26,0,2
BRDA:324,26,1,4
BRDA:338,27,0,0
BRDA:339,28,0,24
BRDA:339,28,1,125
BRDA:341,29,0,23
BRDA:341,29,1,1
BRDA:347,30,0,106
BRDA:347,30,1,19
BRDA:347,31,0,125
BRDA:347,31,1,43
BRDA:349,32,0,18
BRDA:349,32,1,1
BRDA:356,33,0,1
BRDA:358,34,0,1
BRDA:366,35,0,8
BRDA:366,35,1,1
BRDA:366,35,2,1
BRDA:366,35,3,1
BRDA:370,36,0,16
BRDA:370,36,1,10
BRDA:370,36,2,8
BRDA:370,36,3,8
BRDA:375,37,0,8
BRDA:379,38,0,4
BRDA:380,39,0,31
BRDA:380,39,1,14
BRDA:386,40,0,12
BRDA:386,41,0,27
BRDA:386,41,1,21
BRDA:391,42,0,15
BRDA:391,42,1,14
BRDA:391,42,2,14
BRDA:391,42,3,13
BRDA:399,43,0,16
BRDA:399,43,1,24
BRDA:401,44,0,1
BRDA:409,45,0,12
BRDA:410,46,0,6
BRDA:410,46,1,6
BRDA:410,47,0,2
BRDA:410,47,1,10
BRDA:411,48,0,4
BRDA:411,48,1,8
BRDA:412,49,0,4
BRDA:412,49,1,8
BRDA:413,50,0,6
BRDA:413,50,1,6
BRDA:417,51,0,1
BRDA:430,52,0,2
BRDA:436,53,0,8
BRDA:437,54,0,1
BRDA:437,55,0,8
BRDA:437,55,1,1
BRDA:438,56,0,0
BRDA:438,56,1,1
BRDA:438,57,0,1
BRDA:438,57,1,1
BRDA:450,58,0,21
BRDA:451,59,0,30
BRDA:451,59,1,21
BRDA:454,60,0,21
BRDA:462,61,0,3
BRDA:464,62,0,0
BRDA:464,62,1,1
BRDA:464,63,0,1
BRDA:464,63,1,1
BRF:111
BRH:98
end_of_record
TN:
SF:src/utils/object.ts
FN:19,isEmpty
FNF:1
FNH:1
FNDA:30,isEmpty
DA:19,1
DA:20,30
LF:2
LH:2
BRF:0
BRH:0
end_of_record
